2025-08-25 16:30:37 INFO  c.s.o.OrderServiceApplication - Starting OrderServiceApplication using Java 17.0.12 with PID 8064 (I:\Java_tuts_examples\microservices\JavaTechieMicroserviceExample\order-service\target\classes started by prajw in I:\Java_tuts_examples\microservices\JavaTechieMicroserviceExample\order-service)
2025-08-25 16:30:37 INFO  c.s.o.OrderServiceApplication - The following 1 profile is active: "dev"
2025-08-25 16:30:38 INFO  o.s.d.r.c.RepositoryConfigurationDelegate - Bootstrapping Spring Data JPA repositories in DEFAULT mode.
2025-08-25 16:30:38 INFO  o.s.d.r.c.RepositoryConfigurationDelegate - Finished Spring Data repository scanning in 222 ms. Found 1 JPA repository interface.
2025-08-25 16:30:39 INFO  o.s.c.c.s.GenericScope - BeanFactory id=5508f515-68cf-3855-a26b-6fbb798b97ff
2025-08-25 16:30:39 INFO  o.s.b.w.e.t.TomcatWebServer - Tomcat initialized with port 9502 (http)
2025-08-25 16:30:39 INFO  o.a.c.h.Http11NioProtocol - Initializing ProtocolHandler ["http-nio-9502"]
2025-08-25 16:30:39 INFO  o.a.c.c.StandardService - Starting service [Tomcat]
2025-08-25 16:30:39 INFO  o.a.c.c.StandardEngine - Starting Servlet engine: [Apache Tomcat/10.1.43]
2025-08-25 16:30:40 INFO  o.a.c.c.C.[.[.[/] - Initializing Spring embedded WebApplicationContext
2025-08-25 16:30:40 INFO  o.s.b.w.s.c.ServletWebServerApplicationContext - Root WebApplicationContext: initialization completed in 2911 ms
2025-08-25 16:30:40 INFO  c.z.h.HikariDataSource - HikariPool-1 - Starting...
2025-08-25 16:30:40 INFO  c.z.h.p.HikariPool - HikariPool-1 - Added connection conn0: url=jdbc:h2:mem:microser user=SA
2025-08-25 16:30:40 INFO  c.z.h.HikariDataSource - HikariPool-1 - Start completed.
2025-08-25 16:30:40 INFO  o.h.j.i.u.LogHelper - HHH000204: Processing PersistenceUnitInfo [name: default]
2025-08-25 16:30:40 INFO  o.h.Version - HHH000412: Hibernate ORM core version 6.6.22.Final
2025-08-25 16:30:40 INFO  o.h.c.i.RegionFactoryInitiator - HHH000026: Second-level cache disabled
2025-08-25 16:30:41 INFO  o.s.o.j.p.SpringPersistenceUnitInfo - No LoadTimeWeaver setup: ignoring JPA class transformer
2025-08-25 16:30:41 WARN  o.h.o.deprecation - HHH90000025: H2Dialect does not need to be specified explicitly using 'hibernate.dialect' (remove the property setting and it will be selected by default)
2025-08-25 16:30:41 INFO  o.h.o.c.pooling - HHH10001005: Database info:
	Database JDBC URL [Connecting through datasource 'HikariDataSource (HikariPool-1)']
	Database driver: undefined/unknown
	Database version: 2.3.232
	Autocommit mode: undefined/unknown
	Isolation level: undefined/unknown
	Minimum pool size: undefined/unknown
	Maximum pool size: undefined/unknown
2025-08-25 16:30:42 INFO  o.h.e.t.j.p.i.JtaPlatformInitiator - HHH000489: No JTA platform available (set 'hibernate.transaction.jta.platform' to enable JTA platform integration)
2025-08-25 16:30:42 INFO  o.s.o.j.LocalContainerEntityManagerFactoryBean - Initialized JPA EntityManagerFactory for persistence unit 'default'
2025-08-25 16:30:42 WARN  o.s.b.a.o.j.JpaBaseConfiguration$JpaWebConfiguration - spring.jpa.open-in-view is enabled by default. Therefore, database queries may be performed during view rendering. Explicitly configure spring.jpa.open-in-view to disable this warning
2025-08-25 16:30:43 DEBUG o.s.w.s.m.m.a.RequestMappingHandlerMapping - 3 mappings in 'requestMappingHandlerMapping'
2025-08-25 16:30:43 DEBUG o.s.w.s.h.SimpleUrlHandlerMapping - Patterns [/webjars/**, /**] in 'resourceHandlerMapping'
2025-08-25 16:30:43 DEBUG o.s.w.s.m.m.a.RequestMappingHandlerAdapter - ControllerAdvice beans: 0 @ModelAttribute, 0 @InitBinder, 1 RequestBodyAdvice, 1 ResponseBodyAdvice
2025-08-25 16:30:43 DEBUG o.s.w.s.m.m.a.ExceptionHandlerExceptionResolver - ControllerAdvice beans: 0 @ExceptionHandler, 1 ResponseBodyAdvice
2025-08-25 16:30:43 INFO  o.s.b.a.h.H2ConsoleAutoConfiguration - H2 console available at '/h2-console'. Database available at 'jdbc:h2:mem:microser'
2025-08-25 16:30:44 INFO  o.s.c.n.e.c.DiscoveryClientOptionalArgsConfiguration - Eureka HTTP Client uses RestTemplate.
2025-08-25 16:30:44 WARN  o.s.c.l.c.LoadBalancerCacheAutoConfiguration$LoadBalancerCaffeineWarnLogger - Spring Cloud LoadBalancer is currently working with the default cache. While this cache implementation is useful for development and tests, it's recommended to use Caffeine cache in production.You can switch to using Caffeine cache, by adding it and org.springframework.cache.caffeine.CaffeineCacheManager to the classpath.
2025-08-25 16:30:44 INFO  o.s.c.n.e.InstanceInfoFactory - Setting initial instance status as: STARTING
2025-08-25 16:30:44 INFO  c.n.d.DiscoveryClient - Initializing Eureka in region us-east-1
2025-08-25 16:30:44 INFO  c.n.d.s.r.a.ConfigClusterResolver - Resolving eureka endpoints via configuration
2025-08-25 16:30:44 INFO  c.n.d.DiscoveryClient - Disable delta property : false
2025-08-25 16:30:44 INFO  c.n.d.DiscoveryClient - Single vip registry refresh property : null
2025-08-25 16:30:44 INFO  c.n.d.DiscoveryClient - Force full registry fetch : false
2025-08-25 16:30:44 INFO  c.n.d.DiscoveryClient - Application is null : false
2025-08-25 16:30:44 INFO  c.n.d.DiscoveryClient - Registered Applications size is zero : true
2025-08-25 16:30:44 INFO  c.n.d.DiscoveryClient - Application version is -1: true
2025-08-25 16:30:44 INFO  c.n.d.DiscoveryClient - Getting all instance registry info from the eureka server
2025-08-25 16:30:44 DEBUG o.s.w.c.RestTemplate - HTTP GET http://localhost:8761/eureka/apps/
2025-08-25 16:30:44 DEBUG o.s.w.c.RestTemplate - Accept=[application/json, application/*+json]
2025-08-25 16:30:44 DEBUG o.s.w.c.RestTemplate - Response 200 OK
2025-08-25 16:30:44 DEBUG o.s.w.c.RestTemplate - Reading to [org.springframework.cloud.netflix.eureka.http.EurekaApplications]
2025-08-25 16:30:44 INFO  c.n.d.DiscoveryClient - The response status is 200
2025-08-25 16:30:44 INFO  c.n.d.DiscoveryClient - Starting heartbeat executor: renew interval is: 30
2025-08-25 16:30:44 INFO  c.n.d.InstanceInfoReplicator - InstanceInfoReplicator onDemand update allowed rate per min is 4
2025-08-25 16:30:44 INFO  c.n.d.DiscoveryClient - Discovery Client initialized at timestamp 1756119644726 with initial instances count: 2
2025-08-25 16:30:44 INFO  o.s.c.n.e.s.EurekaServiceRegistry - Registering application ORDER-SERVICE with eureka with status UP
2025-08-25 16:30:44 INFO  c.n.d.DiscoveryClient - Saw local status change event StatusChangeEvent [timestamp=1756119644733, current=UP, previous=STARTING]
2025-08-25 16:30:44 INFO  o.a.c.h.Http11NioProtocol - Starting ProtocolHandler ["http-nio-9502"]
2025-08-25 16:30:44 INFO  c.n.d.DiscoveryClient - DiscoveryClient_ORDER-SERVICE/DESKTOP-LF2D8H7:ORDER-SERVICE:9502: registering service...
2025-08-25 16:30:44 DEBUG o.s.w.c.RestTemplate - HTTP POST http://localhost:8761/eureka/apps/ORDER-SERVICE
2025-08-25 16:30:44 DEBUG o.s.w.c.RestTemplate - Accept=[application/json, application/*+json]
2025-08-25 16:30:44 DEBUG o.s.w.c.RestTemplate - Writing [InstanceInfo [instanceId = DESKTOP-LF2D8H7:ORDER-SERVICE:9502, appName = ORDER-SERVICE, hostName = DESKTOP-LF2D8H7, status = UP, ipAddr = 192.168.14.30, port = 9502, securePort = 443, dataCenterInfo = com.netflix.appinfo.MyDataCenterInfo@6fa5fc67] as "application/json"
2025-08-25 16:30:44 INFO  o.s.b.w.e.t.TomcatWebServer - Tomcat started on port 9502 (http) with context path '/'
2025-08-25 16:30:44 INFO  o.s.c.n.e.s.EurekaAutoServiceRegistration - Updating port to 9502
2025-08-25 16:30:44 DEBUG o.s.w.c.RestTemplate - Response 204 NO_CONTENT
2025-08-25 16:30:44 INFO  c.n.d.DiscoveryClient - DiscoveryClient_ORDER-SERVICE/DESKTOP-LF2D8H7:ORDER-SERVICE:9502 - registration status: 204
2025-08-25 16:30:44 INFO  c.s.o.OrderServiceApplication - Started OrderServiceApplication in 9.009 seconds (process running for 9.951)
2025-08-25 16:30:57 INFO  o.a.c.c.C.[.[.[/] - Initializing Spring DispatcherServlet 'dispatcherServlet'
2025-08-25 16:30:57 INFO  o.s.w.s.DispatcherServlet - Initializing Servlet 'dispatcherServlet'
2025-08-25 16:30:57 DEBUG o.s.w.s.DispatcherServlet - Detected StandardServletMultipartResolver
2025-08-25 16:30:57 DEBUG o.s.w.s.DispatcherServlet - Detected AcceptHeaderLocaleResolver
2025-08-25 16:30:57 DEBUG o.s.w.s.DispatcherServlet - Detected FixedThemeResolver
2025-08-25 16:30:57 DEBUG o.s.w.s.DispatcherServlet - Detected org.springframework.web.servlet.view.DefaultRequestToViewNameTranslator@5625e7e1
2025-08-25 16:30:57 DEBUG o.s.w.s.DispatcherServlet - Detected org.springframework.web.servlet.support.SessionFlashMapManager@1a18e68a
2025-08-25 16:30:57 DEBUG o.s.w.s.DispatcherServlet - enableLoggingRequestDetails='false': request parameters and headers will be masked to prevent unsafe logging of potentially sensitive data
2025-08-25 16:30:57 INFO  o.s.w.s.DispatcherServlet - Completed initialization in 2 ms
2025-08-25 16:30:57 DEBUG o.s.w.s.DispatcherServlet - POST "/order/bookOrder", parameters={}
2025-08-25 16:30:57 DEBUG o.s.w.s.m.m.a.RequestMappingHandlerMapping - Mapped to com.shop.order_service.controller.OrderController#bookOrder(TransactionRequest)
2025-08-25 16:30:57 DEBUG o.s.w.s.m.m.a.RequestResponseBodyMethodProcessor - Read "application/json;charset=UTF-8" to [com.shop.order_service.controller.TransactionRequest@3c256ef8]
2025-08-25 16:30:57 ERROR c.s.o.c.OrderController - ERROR LOG
2025-08-25 16:30:57 WARN  c.s.o.c.OrderController - Warning
2025-08-25 16:30:57 INFO  c.s.o.c.OrderController - Method invoked
2025-08-25 16:30:57 DEBUG o.s.w.c.RestTemplate - HTTP POST http://PAYMENT-SERVICE/payment/doPayment
2025-08-25 16:30:57 DEBUG o.s.w.c.RestTemplate - Accept=[application/json, application/*+json]
2025-08-25 16:30:57 DEBUG o.s.w.c.RestTemplate - Writing [com.shop.order_service.common.Payement@cca7bdd] with org.springframework.http.converter.json.MappingJackson2HttpMessageConverter
2025-08-25 16:30:58 DEBUG o.s.w.c.RestTemplate - Response 200 OK
2025-08-25 16:30:58 DEBUG o.s.w.c.RestTemplate - Reading to [com.shop.order_service.common.Payement]
2025-08-25 16:30:58 DEBUG o.s.w.s.m.m.a.RequestResponseBodyMethodProcessor - Using 'application/json', given [*/*] and supported [application/json, application/*+json]
2025-08-25 16:30:58 DEBUG o.s.w.s.m.m.a.RequestResponseBodyMethodProcessor - Writing [com.shop.order_service.controller.TransactionResponse@587f1a7b]
2025-08-25 16:30:58 DEBUG o.s.w.s.DispatcherServlet - Completed 200 OK
2025-08-25 16:31:14 DEBUG o.s.w.c.RestTemplate - HTTP GET http://localhost:8761/eureka/apps/delta
2025-08-25 16:31:14 DEBUG o.s.w.c.RestTemplate - Accept=[application/json, application/*+json]
2025-08-25 16:31:14 DEBUG o.s.w.c.RestTemplate - HTTP PUT http://localhost:8761/eureka/apps/ORDER-SERVICE/DESKTOP-LF2D8H7:ORDER-SERVICE:9502?status=UP&lastDirtyTimestamp=1756119644733
2025-08-25 16:31:14 DEBUG o.s.w.c.RestTemplate - Accept=[application/json, application/*+json]
2025-08-25 16:31:14 DEBUG o.s.w.c.RestTemplate - Response 200 OK
2025-08-25 16:31:14 DEBUG o.s.w.c.RestTemplate - Response 200 OK
2025-08-25 16:31:14 DEBUG o.s.w.c.RestTemplate - Reading to [org.springframework.cloud.netflix.eureka.http.EurekaApplications]
2025-08-25 16:31:44 DEBUG o.s.w.c.RestTemplate - HTTP PUT http://localhost:8761/eureka/apps/ORDER-SERVICE/DESKTOP-LF2D8H7:ORDER-SERVICE:9502?status=UP&lastDirtyTimestamp=1756119644733
2025-08-25 16:31:44 DEBUG o.s.w.c.RestTemplate - Accept=[application/json, application/*+json]
2025-08-25 16:31:44 DEBUG o.s.w.c.RestTemplate - HTTP GET http://localhost:8761/eureka/apps/delta
2025-08-25 16:31:44 DEBUG o.s.w.c.RestTemplate - Accept=[application/json, application/*+json]
2025-08-25 16:31:44 DEBUG o.s.w.c.RestTemplate - Response 200 OK
2025-08-25 16:31:44 DEBUG o.s.w.c.RestTemplate - Response 200 OK
2025-08-25 16:31:44 DEBUG o.s.w.c.RestTemplate - Reading to [org.springframework.cloud.netflix.eureka.http.EurekaApplications]
2025-08-25 16:32:14 DEBUG o.s.w.c.RestTemplate - HTTP PUT http://localhost:8761/eureka/apps/ORDER-SERVICE/DESKTOP-LF2D8H7:ORDER-SERVICE:9502?status=UP&lastDirtyTimestamp=1756119644733
2025-08-25 16:32:14 DEBUG o.s.w.c.RestTemplate - Accept=[application/json, application/*+json]
2025-08-25 16:32:14 DEBUG o.s.w.c.RestTemplate - HTTP GET http://localhost:8761/eureka/apps/delta
2025-08-25 16:32:14 DEBUG o.s.w.c.RestTemplate - Accept=[application/json, application/*+json]
2025-08-25 16:32:14 DEBUG o.s.w.c.RestTemplate - Response 200 OK
2025-08-25 16:32:14 DEBUG o.s.w.c.RestTemplate - Response 200 OK
2025-08-25 16:32:14 DEBUG o.s.w.c.RestTemplate - Reading to [org.springframework.cloud.netflix.eureka.http.EurekaApplications]
2025-08-25 16:32:44 DEBUG o.s.w.c.RestTemplate - HTTP PUT http://localhost:8761/eureka/apps/ORDER-SERVICE/DESKTOP-LF2D8H7:ORDER-SERVICE:9502?status=UP&lastDirtyTimestamp=1756119644733
2025-08-25 16:32:44 DEBUG o.s.w.c.RestTemplate - Accept=[application/json, application/*+json]
2025-08-25 16:32:44 DEBUG o.s.w.c.RestTemplate - HTTP GET http://localhost:8761/eureka/apps/delta
2025-08-25 16:32:44 DEBUG o.s.w.c.RestTemplate - Accept=[application/json, application/*+json]
2025-08-25 16:32:44 DEBUG o.s.w.c.RestTemplate - Response 200 OK
2025-08-25 16:32:44 DEBUG o.s.w.c.RestTemplate - Response 200 OK
2025-08-25 16:32:44 DEBUG o.s.w.c.RestTemplate - Reading to [org.springframework.cloud.netflix.eureka.http.EurekaApplications]
2025-08-25 16:33:14 DEBUG o.s.w.c.RestTemplate - HTTP PUT http://localhost:8761/eureka/apps/ORDER-SERVICE/DESKTOP-LF2D8H7:ORDER-SERVICE:9502?status=UP&lastDirtyTimestamp=1756119644733
2025-08-25 16:33:14 DEBUG o.s.w.c.RestTemplate - Accept=[application/json, application/*+json]
2025-08-25 16:33:14 DEBUG o.s.w.c.RestTemplate - HTTP GET http://localhost:8761/eureka/apps/delta
2025-08-25 16:33:14 DEBUG o.s.w.c.RestTemplate - Accept=[application/json, application/*+json]
2025-08-25 16:33:14 DEBUG o.s.w.c.RestTemplate - Response 200 OK
2025-08-25 16:33:14 DEBUG o.s.w.c.RestTemplate - Response 200 OK
2025-08-25 16:33:14 DEBUG o.s.w.c.RestTemplate - Reading to [org.springframework.cloud.netflix.eureka.http.EurekaApplications]
2025-08-25 16:33:44 DEBUG o.s.w.c.RestTemplate - HTTP PUT http://localhost:8761/eureka/apps/ORDER-SERVICE/DESKTOP-LF2D8H7:ORDER-SERVICE:9502?status=UP&lastDirtyTimestamp=1756119644733
2025-08-25 16:33:44 DEBUG o.s.w.c.RestTemplate - Accept=[application/json, application/*+json]
2025-08-25 16:33:44 DEBUG o.s.w.c.RestTemplate - HTTP GET http://localhost:8761/eureka/apps/delta
2025-08-25 16:33:44 DEBUG o.s.w.c.RestTemplate - Accept=[application/json, application/*+json]
2025-08-25 16:33:44 DEBUG o.s.w.c.RestTemplate - Response 200 OK
2025-08-25 16:33:44 DEBUG o.s.w.c.RestTemplate - Response 200 OK
2025-08-25 16:33:44 DEBUG o.s.w.c.RestTemplate - Reading to [org.springframework.cloud.netflix.eureka.http.EurekaApplications]
2025-08-25 16:34:14 DEBUG o.s.w.c.RestTemplate - HTTP PUT http://localhost:8761/eureka/apps/ORDER-SERVICE/DESKTOP-LF2D8H7:ORDER-SERVICE:9502?status=UP&lastDirtyTimestamp=1756119644733
2025-08-25 16:34:14 DEBUG o.s.w.c.RestTemplate - Accept=[application/json, application/*+json]
2025-08-25 16:34:14 DEBUG o.s.w.c.RestTemplate - HTTP GET http://localhost:8761/eureka/apps/delta
2025-08-25 16:34:14 DEBUG o.s.w.c.RestTemplate - Accept=[application/json, application/*+json]
2025-08-25 16:34:14 DEBUG o.s.w.c.RestTemplate - Response 200 OK
2025-08-25 16:34:14 DEBUG o.s.w.c.RestTemplate - Response 200 OK
2025-08-25 16:34:14 DEBUG o.s.w.c.RestTemplate - Reading to [org.springframework.cloud.netflix.eureka.http.EurekaApplications]
2025-08-25 16:34:44 DEBUG o.s.w.c.RestTemplate - HTTP PUT http://localhost:8761/eureka/apps/ORDER-SERVICE/DESKTOP-LF2D8H7:ORDER-SERVICE:9502?status=UP&lastDirtyTimestamp=1756119644733
2025-08-25 16:34:44 DEBUG o.s.w.c.RestTemplate - Accept=[application/json, application/*+json]
2025-08-25 16:34:44 DEBUG o.s.w.c.RestTemplate - HTTP GET http://localhost:8761/eureka/apps/delta
2025-08-25 16:34:44 DEBUG o.s.w.c.RestTemplate - Accept=[application/json, application/*+json]
2025-08-25 16:34:44 DEBUG o.s.w.c.RestTemplate - Response 200 OK
2025-08-25 16:34:44 DEBUG o.s.w.c.RestTemplate - Response 200 OK
2025-08-25 16:34:44 DEBUG o.s.w.c.RestTemplate - Reading to [org.springframework.cloud.netflix.eureka.http.EurekaApplications]
2025-08-25 16:35:14 DEBUG o.s.w.c.RestTemplate - HTTP PUT http://localhost:8761/eureka/apps/ORDER-SERVICE/DESKTOP-LF2D8H7:ORDER-SERVICE:9502?status=UP&lastDirtyTimestamp=1756119644733
2025-08-25 16:35:14 DEBUG o.s.w.c.RestTemplate - Accept=[application/json, application/*+json]
2025-08-25 16:35:14 DEBUG o.s.w.c.RestTemplate - HTTP GET http://localhost:8761/eureka/apps/delta
2025-08-25 16:35:14 DEBUG o.s.w.c.RestTemplate - Accept=[application/json, application/*+json]
2025-08-25 16:35:14 DEBUG o.s.w.c.RestTemplate - Response 200 OK
2025-08-25 16:35:15 DEBUG o.s.w.c.RestTemplate - Response 200 OK
2025-08-25 16:35:15 DEBUG o.s.w.c.RestTemplate - Reading to [org.springframework.cloud.netflix.eureka.http.EurekaApplications]
2025-08-25 16:35:44 INFO  c.n.d.s.r.a.ConfigClusterResolver - Resolving eureka endpoints via configuration
2025-08-25 16:35:44 DEBUG o.s.w.c.RestTemplate - HTTP PUT http://localhost:8761/eureka/apps/ORDER-SERVICE/DESKTOP-LF2D8H7:ORDER-SERVICE:9502?status=UP&lastDirtyTimestamp=1756119644733
2025-08-25 16:35:44 DEBUG o.s.w.c.RestTemplate - Accept=[application/json, application/*+json]
2025-08-25 16:35:45 DEBUG o.s.w.c.RestTemplate - HTTP GET http://localhost:8761/eureka/apps/delta
2025-08-25 16:35:45 DEBUG o.s.w.c.RestTemplate - Accept=[application/json, application/*+json]
2025-08-25 16:35:45 DEBUG o.s.w.c.RestTemplate - Response 200 OK
2025-08-25 16:35:45 DEBUG o.s.w.c.RestTemplate - Response 200 OK
2025-08-25 16:35:45 DEBUG o.s.w.c.RestTemplate - Reading to [org.springframework.cloud.netflix.eureka.http.EurekaApplications]
2025-08-25 16:36:15 DEBUG o.s.w.c.RestTemplate - HTTP PUT http://localhost:8761/eureka/apps/ORDER-SERVICE/DESKTOP-LF2D8H7:ORDER-SERVICE:9502?status=UP&lastDirtyTimestamp=1756119644733
2025-08-25 16:36:15 DEBUG o.s.w.c.RestTemplate - Accept=[application/json, application/*+json]
2025-08-25 16:36:15 DEBUG o.s.w.c.RestTemplate - HTTP GET http://localhost:8761/eureka/apps/delta
2025-08-25 16:36:15 DEBUG o.s.w.c.RestTemplate - Accept=[application/json, application/*+json]
2025-08-25 16:36:15 DEBUG o.s.w.c.RestTemplate - Response 200 OK
2025-08-25 16:36:15 DEBUG o.s.w.c.RestTemplate - Response 200 OK
2025-08-25 16:36:15 DEBUG o.s.w.c.RestTemplate - Reading to [org.springframework.cloud.netflix.eureka.http.EurekaApplications]
2025-08-25 16:36:45 DEBUG o.s.w.c.RestTemplate - HTTP PUT http://localhost:8761/eureka/apps/ORDER-SERVICE/DESKTOP-LF2D8H7:ORDER-SERVICE:9502?status=UP&lastDirtyTimestamp=1756119644733
2025-08-25 16:36:45 DEBUG o.s.w.c.RestTemplate - Accept=[application/json, application/*+json]
2025-08-25 16:36:45 DEBUG o.s.w.c.RestTemplate - HTTP GET http://localhost:8761/eureka/apps/delta
2025-08-25 16:36:45 DEBUG o.s.w.c.RestTemplate - Accept=[application/json, application/*+json]
2025-08-25 16:36:45 DEBUG o.s.w.c.RestTemplate - Response 200 OK
2025-08-25 16:36:45 DEBUG o.s.w.c.RestTemplate - Response 200 OK
2025-08-25 16:36:45 DEBUG o.s.w.c.RestTemplate - Reading to [org.springframework.cloud.netflix.eureka.http.EurekaApplications]
2025-08-25 16:37:15 DEBUG o.s.w.c.RestTemplate - HTTP PUT http://localhost:8761/eureka/apps/ORDER-SERVICE/DESKTOP-LF2D8H7:ORDER-SERVICE:9502?status=UP&lastDirtyTimestamp=1756119644733
2025-08-25 16:37:15 DEBUG o.s.w.c.RestTemplate - HTTP GET http://localhost:8761/eureka/apps/delta
2025-08-25 16:37:15 DEBUG o.s.w.c.RestTemplate - Accept=[application/json, application/*+json]
2025-08-25 16:37:15 DEBUG o.s.w.c.RestTemplate - Accept=[application/json, application/*+json]
2025-08-25 16:37:15 DEBUG o.s.w.c.RestTemplate - Response 200 OK
2025-08-25 16:37:15 DEBUG o.s.w.c.RestTemplate - Response 200 OK
2025-08-25 16:37:15 DEBUG o.s.w.c.RestTemplate - Reading to [org.springframework.cloud.netflix.eureka.http.EurekaApplications]
2025-08-25 16:37:45 DEBUG o.s.w.c.RestTemplate - HTTP GET http://localhost:8761/eureka/apps/delta
2025-08-25 16:37:45 DEBUG o.s.w.c.RestTemplate - HTTP PUT http://localhost:8761/eureka/apps/ORDER-SERVICE/DESKTOP-LF2D8H7:ORDER-SERVICE:9502?status=UP&lastDirtyTimestamp=1756119644733
2025-08-25 16:37:45 DEBUG o.s.w.c.RestTemplate - Accept=[application/json, application/*+json]
2025-08-25 16:37:45 DEBUG o.s.w.c.RestTemplate - Accept=[application/json, application/*+json]
2025-08-25 16:37:45 DEBUG o.s.w.c.RestTemplate - Response 200 OK
2025-08-25 16:37:45 DEBUG o.s.w.c.RestTemplate - Response 200 OK
2025-08-25 16:37:45 DEBUG o.s.w.c.RestTemplate - Reading to [org.springframework.cloud.netflix.eureka.http.EurekaApplications]
2025-08-25 16:38:15 DEBUG o.s.w.c.RestTemplate - HTTP GET http://localhost:8761/eureka/apps/delta
2025-08-25 16:38:15 DEBUG o.s.w.c.RestTemplate - HTTP PUT http://localhost:8761/eureka/apps/ORDER-SERVICE/DESKTOP-LF2D8H7:ORDER-SERVICE:9502?status=UP&lastDirtyTimestamp=1756119644733
2025-08-25 16:38:15 DEBUG o.s.w.c.RestTemplate - Accept=[application/json, application/*+json]
2025-08-25 16:38:15 DEBUG o.s.w.c.RestTemplate - Accept=[application/json, application/*+json]
2025-08-25 16:38:15 DEBUG o.s.w.c.RestTemplate - Response 200 OK
2025-08-25 16:38:15 DEBUG o.s.w.c.RestTemplate - Response 200 OK
2025-08-25 16:38:15 DEBUG o.s.w.c.RestTemplate - Reading to [org.springframework.cloud.netflix.eureka.http.EurekaApplications]
2025-08-25 16:38:45 DEBUG o.s.w.c.RestTemplate - HTTP GET http://localhost:8761/eureka/apps/delta
2025-08-25 16:38:45 DEBUG o.s.w.c.RestTemplate - HTTP PUT http://localhost:8761/eureka/apps/ORDER-SERVICE/DESKTOP-LF2D8H7:ORDER-SERVICE:9502?status=UP&lastDirtyTimestamp=1756119644733
2025-08-25 16:38:45 DEBUG o.s.w.c.RestTemplate - Accept=[application/json, application/*+json]
2025-08-25 16:38:45 DEBUG o.s.w.c.RestTemplate - Accept=[application/json, application/*+json]
2025-08-25 16:38:45 DEBUG o.s.w.c.RestTemplate - Response 200 OK
2025-08-25 16:38:45 DEBUG o.s.w.c.RestTemplate - Response 200 OK
2025-08-25 16:38:45 DEBUG o.s.w.c.RestTemplate - Reading to [org.springframework.cloud.netflix.eureka.http.EurekaApplications]
2025-08-25 16:38:50 INFO  o.s.c.n.e.s.EurekaServiceRegistry - Unregistering application ORDER-SERVICE with eureka with status DOWN
2025-08-25 16:38:50 INFO  c.n.d.DiscoveryClient - Saw local status change event StatusChangeEvent [timestamp=1756120130762, current=DOWN, previous=UP]
2025-08-25 16:38:50 INFO  c.n.d.DiscoveryClient - DiscoveryClient_ORDER-SERVICE/DESKTOP-LF2D8H7:ORDER-SERVICE:9502: registering service...
2025-08-25 16:38:50 DEBUG o.s.w.c.RestTemplate - HTTP POST http://localhost:8761/eureka/apps/ORDER-SERVICE
2025-08-25 16:38:50 DEBUG o.s.w.c.RestTemplate - Accept=[application/json, application/*+json]
2025-08-25 16:38:50 DEBUG o.s.w.c.RestTemplate - Writing [InstanceInfo [instanceId = DESKTOP-LF2D8H7:ORDER-SERVICE:9502, appName = ORDER-SERVICE, hostName = DESKTOP-LF2D8H7, status = DOWN, ipAddr = 192.168.14.30, port = 9502, securePort = 443, dataCenterInfo = com.netflix.appinfo.MyDataCenterInfo@6fa5fc67] as "application/json"
2025-08-25 16:38:50 INFO  o.s.b.w.e.t.GracefulShutdown - Commencing graceful shutdown. Waiting for active requests to complete
2025-08-25 16:38:50 DEBUG o.s.w.c.RestTemplate - Response 204 NO_CONTENT
2025-08-25 16:38:50 INFO  c.n.d.DiscoveryClient - DiscoveryClient_ORDER-SERVICE/DESKTOP-LF2D8H7:ORDER-SERVICE:9502 - registration status: 204
2025-08-25 16:38:50 INFO  o.s.b.w.e.t.GracefulShutdown - Graceful shutdown complete
2025-08-25 16:38:50 INFO  o.s.o.j.LocalContainerEntityManagerFactoryBean - Closing JPA EntityManagerFactory for persistence unit 'default'
2025-08-25 16:38:50 INFO  c.z.h.HikariDataSource - HikariPool-1 - Shutdown initiated...
2025-08-25 16:38:50 INFO  c.z.h.HikariDataSource - HikariPool-1 - Shutdown completed.
2025-08-25 16:38:50 INFO  c.n.d.DiscoveryClient - Shutting down DiscoveryClient ...
2025-08-25 16:38:53 INFO  c.n.d.DiscoveryClient - Unregistering ...
2025-08-25 16:38:53 DEBUG o.s.w.c.RestTemplate - HTTP DELETE http://localhost:8761/eureka/apps/ORDER-SERVICE/DESKTOP-LF2D8H7:ORDER-SERVICE:9502
2025-08-25 16:38:53 DEBUG o.s.w.c.RestTemplate - Accept=[application/json, application/*+json]
2025-08-25 16:38:53 DEBUG o.s.w.c.RestTemplate - Response 200 OK
2025-08-25 16:38:53 INFO  c.n.d.DiscoveryClient - DiscoveryClient_ORDER-SERVICE/DESKTOP-LF2D8H7:ORDER-SERVICE:9502 - deregister  status: 200
2025-08-25 16:38:53 INFO  c.n.d.DiscoveryClient - Completed shut down of DiscoveryClient
2025-08-25 16:38:59 INFO  c.s.o.OrderServiceApplication - Starting OrderServiceApplication using Java 17.0.12 with PID 6840 (I:\Java_tuts_examples\microservices\JavaTechieMicroserviceExample\order-service\target\classes started by prajw in I:\Java_tuts_examples\microservices\JavaTechieMicroserviceExample\order-service)
2025-08-25 16:38:59 INFO  c.s.o.OrderServiceApplication - The following 1 profile is active: "dev"
2025-08-25 16:39:01 INFO  o.s.d.r.c.RepositoryConfigurationDelegate - Bootstrapping Spring Data JPA repositories in DEFAULT mode.
2025-08-25 16:39:01 INFO  o.s.d.r.c.RepositoryConfigurationDelegate - Finished Spring Data repository scanning in 224 ms. Found 1 JPA repository interface.
2025-08-25 16:39:01 INFO  o.s.c.c.s.GenericScope - BeanFactory id=5508f515-68cf-3855-a26b-6fbb798b97ff
2025-08-25 16:39:02 INFO  o.s.b.w.e.t.TomcatWebServer - Tomcat initialized with port 8889 (http)
2025-08-25 16:39:02 INFO  o.a.c.h.Http11NioProtocol - Initializing ProtocolHandler ["http-nio-8889"]
2025-08-25 16:39:02 INFO  o.a.c.c.StandardService - Starting service [Tomcat]
2025-08-25 16:39:02 INFO  o.a.c.c.StandardEngine - Starting Servlet engine: [Apache Tomcat/10.1.43]
2025-08-25 16:39:02 INFO  o.a.c.c.C.[.[.[/] - Initializing Spring embedded WebApplicationContext
2025-08-25 16:39:02 INFO  o.s.b.w.s.c.ServletWebServerApplicationContext - Root WebApplicationContext: initialization completed in 2579 ms
2025-08-25 16:39:02 INFO  c.z.h.HikariDataSource - HikariPool-1 - Starting...
2025-08-25 16:39:03 INFO  c.z.h.p.HikariPool - HikariPool-1 - Added connection conn0: url=jdbc:h2:mem:microser user=SA
2025-08-25 16:39:03 INFO  c.z.h.HikariDataSource - HikariPool-1 - Start completed.
2025-08-25 16:39:03 INFO  o.h.j.i.u.LogHelper - HHH000204: Processing PersistenceUnitInfo [name: default]
2025-08-25 16:39:03 INFO  o.h.Version - HHH000412: Hibernate ORM core version 6.6.22.Final
2025-08-25 16:39:03 INFO  o.h.c.i.RegionFactoryInitiator - HHH000026: Second-level cache disabled
2025-08-25 16:39:03 INFO  o.s.o.j.p.SpringPersistenceUnitInfo - No LoadTimeWeaver setup: ignoring JPA class transformer
2025-08-25 16:39:03 WARN  o.h.o.deprecation - HHH90000025: H2Dialect does not need to be specified explicitly using 'hibernate.dialect' (remove the property setting and it will be selected by default)
2025-08-25 16:39:04 INFO  o.h.o.c.pooling - HHH10001005: Database info:
	Database JDBC URL [Connecting through datasource 'HikariDataSource (HikariPool-1)']
	Database driver: undefined/unknown
	Database version: 2.3.232
	Autocommit mode: undefined/unknown
	Isolation level: undefined/unknown
	Minimum pool size: undefined/unknown
	Maximum pool size: undefined/unknown
2025-08-25 16:39:05 INFO  o.h.e.t.j.p.i.JtaPlatformInitiator - HHH000489: No JTA platform available (set 'hibernate.transaction.jta.platform' to enable JTA platform integration)
2025-08-25 16:39:05 INFO  o.s.o.j.LocalContainerEntityManagerFactoryBean - Initialized JPA EntityManagerFactory for persistence unit 'default'
2025-08-25 16:39:05 WARN  o.s.b.a.o.j.JpaBaseConfiguration$JpaWebConfiguration - spring.jpa.open-in-view is enabled by default. Therefore, database queries may be performed during view rendering. Explicitly configure spring.jpa.open-in-view to disable this warning
2025-08-25 16:39:05 DEBUG o.s.w.s.m.m.a.RequestMappingHandlerMapping - 3 mappings in 'requestMappingHandlerMapping'
2025-08-25 16:39:05 DEBUG o.s.w.s.h.SimpleUrlHandlerMapping - Patterns [/webjars/**, /**] in 'resourceHandlerMapping'
2025-08-25 16:39:05 DEBUG o.s.w.s.m.m.a.RequestMappingHandlerAdapter - ControllerAdvice beans: 0 @ModelAttribute, 0 @InitBinder, 1 RequestBodyAdvice, 1 ResponseBodyAdvice
2025-08-25 16:39:05 DEBUG o.s.w.s.m.m.a.ExceptionHandlerExceptionResolver - ControllerAdvice beans: 0 @ExceptionHandler, 1 ResponseBodyAdvice
2025-08-25 16:39:05 INFO  o.s.b.a.h.H2ConsoleAutoConfiguration - H2 console available at '/h2-console'. Database available at 'jdbc:h2:mem:microser'
2025-08-25 16:39:06 INFO  o.s.c.n.e.c.DiscoveryClientOptionalArgsConfiguration - Eureka HTTP Client uses RestTemplate.
2025-08-25 16:39:06 WARN  o.s.c.l.c.LoadBalancerCacheAutoConfiguration$LoadBalancerCaffeineWarnLogger - Spring Cloud LoadBalancer is currently working with the default cache. While this cache implementation is useful for development and tests, it's recommended to use Caffeine cache in production.You can switch to using Caffeine cache, by adding it and org.springframework.cache.caffeine.CaffeineCacheManager to the classpath.
2025-08-25 16:39:06 INFO  o.s.c.n.e.InstanceInfoFactory - Setting initial instance status as: STARTING
2025-08-25 16:39:06 INFO  c.n.d.DiscoveryClient - Initializing Eureka in region us-east-1
2025-08-25 16:39:06 INFO  c.n.d.s.r.a.ConfigClusterResolver - Resolving eureka endpoints via configuration
2025-08-25 16:39:06 INFO  c.n.d.DiscoveryClient - Disable delta property : false
2025-08-25 16:39:06 INFO  c.n.d.DiscoveryClient - Single vip registry refresh property : null
2025-08-25 16:39:06 INFO  c.n.d.DiscoveryClient - Force full registry fetch : false
2025-08-25 16:39:06 INFO  c.n.d.DiscoveryClient - Application is null : false
2025-08-25 16:39:06 INFO  c.n.d.DiscoveryClient - Registered Applications size is zero : true
2025-08-25 16:39:06 INFO  c.n.d.DiscoveryClient - Application version is -1: true
2025-08-25 16:39:06 INFO  c.n.d.DiscoveryClient - Getting all instance registry info from the eureka server
2025-08-25 16:39:06 DEBUG o.s.w.c.RestTemplate - HTTP GET http://localhost:8761/eureka/apps/
2025-08-25 16:39:07 DEBUG o.s.w.c.RestTemplate - Accept=[application/json, application/*+json]
2025-08-25 16:39:07 DEBUG o.s.w.c.RestTemplate - Response 200 OK
2025-08-25 16:39:07 DEBUG o.s.w.c.RestTemplate - Reading to [org.springframework.cloud.netflix.eureka.http.EurekaApplications]
2025-08-25 16:39:07 INFO  c.n.d.DiscoveryClient - The response status is 200
2025-08-25 16:39:07 INFO  c.n.d.DiscoveryClient - Starting heartbeat executor: renew interval is: 30
2025-08-25 16:39:07 INFO  c.n.d.InstanceInfoReplicator - InstanceInfoReplicator onDemand update allowed rate per min is 4
2025-08-25 16:39:07 INFO  c.n.d.DiscoveryClient - Discovery Client initialized at timestamp 1756120147165 with initial instances count: 2
2025-08-25 16:39:07 INFO  o.s.c.n.e.s.EurekaServiceRegistry - Registering application ORDER-SERVICE with eureka with status UP
2025-08-25 16:39:07 INFO  c.n.d.DiscoveryClient - Saw local status change event StatusChangeEvent [timestamp=1756120147173, current=UP, previous=STARTING]
2025-08-25 16:39:07 INFO  o.a.c.h.Http11NioProtocol - Starting ProtocolHandler ["http-nio-8889"]
2025-08-25 16:39:07 INFO  c.n.d.DiscoveryClient - DiscoveryClient_ORDER-SERVICE/DESKTOP-LF2D8H7:ORDER-SERVICE:8889: registering service...
2025-08-25 16:39:07 DEBUG o.s.w.c.RestTemplate - HTTP POST http://localhost:8761/eureka/apps/ORDER-SERVICE
2025-08-25 16:39:07 DEBUG o.s.w.c.RestTemplate - Accept=[application/json, application/*+json]
2025-08-25 16:39:07 INFO  o.s.b.w.e.t.TomcatWebServer - Tomcat started on port 8889 (http) with context path '/'
2025-08-25 16:39:07 DEBUG o.s.w.c.RestTemplate - Writing [InstanceInfo [instanceId = DESKTOP-LF2D8H7:ORDER-SERVICE:8889, appName = ORDER-SERVICE, hostName = DESKTOP-LF2D8H7, status = UP, ipAddr = 192.168.14.30, port = 8889, securePort = 443, dataCenterInfo = com.netflix.appinfo.MyDataCenterInfo@70313b0b] as "application/json"
2025-08-25 16:39:07 INFO  o.s.c.n.e.s.EurekaAutoServiceRegistration - Updating port to 8889
2025-08-25 16:39:07 DEBUG o.s.w.c.RestTemplate - Response 204 NO_CONTENT
2025-08-25 16:39:07 INFO  c.n.d.DiscoveryClient - DiscoveryClient_ORDER-SERVICE/DESKTOP-LF2D8H7:ORDER-SERVICE:8889 - registration status: 204
2025-08-25 16:39:07 INFO  c.s.o.OrderServiceApplication - Started OrderServiceApplication in 8.617 seconds (process running for 9.623)
2025-08-25 16:39:37 DEBUG o.s.w.c.RestTemplate - HTTP GET http://localhost:8761/eureka/apps/delta
2025-08-25 16:39:37 DEBUG o.s.w.c.RestTemplate - Accept=[application/json, application/*+json]
2025-08-25 16:39:37 DEBUG o.s.w.c.RestTemplate - HTTP PUT http://localhost:8761/eureka/apps/ORDER-SERVICE/DESKTOP-LF2D8H7:ORDER-SERVICE:8889?status=UP&lastDirtyTimestamp=1756120147172
2025-08-25 16:39:37 DEBUG o.s.w.c.RestTemplate - Accept=[application/json, application/*+json]
2025-08-25 16:39:37 DEBUG o.s.w.c.RestTemplate - Response 200 OK
2025-08-25 16:39:37 DEBUG o.s.w.c.RestTemplate - Reading to [org.springframework.cloud.netflix.eureka.http.EurekaApplications]
2025-08-25 16:39:37 DEBUG o.s.w.c.RestTemplate - HTTP GET http://localhost:8761/eureka/apps/
2025-08-25 16:39:37 DEBUG o.s.w.c.RestTemplate - Accept=[application/json, application/*+json]
2025-08-25 16:39:37 DEBUG o.s.w.c.RestTemplate - Response 200 OK
2025-08-25 16:39:37 DEBUG o.s.w.c.RestTemplate - Reading to [org.springframework.cloud.netflix.eureka.http.EurekaApplications]
2025-08-25 16:39:37 DEBUG o.s.w.c.RestTemplate - Response 200 OK
2025-08-25 16:40:07 DEBUG o.s.w.c.RestTemplate - HTTP GET http://localhost:8761/eureka/apps/delta
2025-08-25 16:40:07 DEBUG o.s.w.c.RestTemplate - HTTP PUT http://localhost:8761/eureka/apps/ORDER-SERVICE/DESKTOP-LF2D8H7:ORDER-SERVICE:8889?status=UP&lastDirtyTimestamp=1756120147172
2025-08-25 16:40:07 DEBUG o.s.w.c.RestTemplate - Accept=[application/json, application/*+json]
2025-08-25 16:40:07 DEBUG o.s.w.c.RestTemplate - Accept=[application/json, application/*+json]
2025-08-25 16:40:07 DEBUG o.s.w.c.RestTemplate - Response 200 OK
2025-08-25 16:40:07 DEBUG o.s.w.c.RestTemplate - Response 200 OK
2025-08-25 16:40:07 DEBUG o.s.w.c.RestTemplate - Reading to [org.springframework.cloud.netflix.eureka.http.EurekaApplications]
2025-08-25 16:40:37 DEBUG o.s.w.c.RestTemplate - HTTP GET http://localhost:8761/eureka/apps/delta
2025-08-25 16:40:37 DEBUG o.s.w.c.RestTemplate - HTTP PUT http://localhost:8761/eureka/apps/ORDER-SERVICE/DESKTOP-LF2D8H7:ORDER-SERVICE:8889?status=UP&lastDirtyTimestamp=1756120147172
2025-08-25 16:40:37 DEBUG o.s.w.c.RestTemplate - Accept=[application/json, application/*+json]
2025-08-25 16:40:37 DEBUG o.s.w.c.RestTemplate - Accept=[application/json, application/*+json]
2025-08-25 16:40:37 DEBUG o.s.w.c.RestTemplate - Response 200 OK
2025-08-25 16:40:37 DEBUG o.s.w.c.RestTemplate - Response 200 OK
2025-08-25 16:40:37 DEBUG o.s.w.c.RestTemplate - Reading to [org.springframework.cloud.netflix.eureka.http.EurekaApplications]
2025-08-25 16:41:07 DEBUG o.s.w.c.RestTemplate - HTTP GET http://localhost:8761/eureka/apps/delta
2025-08-25 16:41:07 DEBUG o.s.w.c.RestTemplate - HTTP PUT http://localhost:8761/eureka/apps/ORDER-SERVICE/DESKTOP-LF2D8H7:ORDER-SERVICE:8889?status=UP&lastDirtyTimestamp=1756120147172
2025-08-25 16:41:07 DEBUG o.s.w.c.RestTemplate - Accept=[application/json, application/*+json]
2025-08-25 16:41:07 DEBUG o.s.w.c.RestTemplate - Accept=[application/json, application/*+json]
2025-08-25 16:41:07 DEBUG o.s.w.c.RestTemplate - Response 200 OK
2025-08-25 16:41:07 DEBUG o.s.w.c.RestTemplate - Response 200 OK
2025-08-25 16:41:07 DEBUG o.s.w.c.RestTemplate - Reading to [org.springframework.cloud.netflix.eureka.http.EurekaApplications]
2025-08-25 16:41:37 DEBUG o.s.w.c.RestTemplate - HTTP PUT http://localhost:8761/eureka/apps/ORDER-SERVICE/DESKTOP-LF2D8H7:ORDER-SERVICE:8889?status=UP&lastDirtyTimestamp=1756120147172
2025-08-25 16:41:37 DEBUG o.s.w.c.RestTemplate - HTTP GET http://localhost:8761/eureka/apps/delta
2025-08-25 16:41:37 DEBUG o.s.w.c.RestTemplate - Accept=[application/json, application/*+json]
2025-08-25 16:41:37 DEBUG o.s.w.c.RestTemplate - Accept=[application/json, application/*+json]
2025-08-25 16:41:37 DEBUG o.s.w.c.RestTemplate - Response 200 OK
2025-08-25 16:41:37 DEBUG o.s.w.c.RestTemplate - Response 200 OK
2025-08-25 16:41:37 DEBUG o.s.w.c.RestTemplate - Reading to [org.springframework.cloud.netflix.eureka.http.EurekaApplications]
2025-08-25 16:42:07 DEBUG o.s.w.c.RestTemplate - HTTP PUT http://localhost:8761/eureka/apps/ORDER-SERVICE/DESKTOP-LF2D8H7:ORDER-SERVICE:8889?status=UP&lastDirtyTimestamp=1756120147172
2025-08-25 16:42:07 DEBUG o.s.w.c.RestTemplate - HTTP GET http://localhost:8761/eureka/apps/delta
2025-08-25 16:42:07 DEBUG o.s.w.c.RestTemplate - Accept=[application/json, application/*+json]
2025-08-25 16:42:07 DEBUG o.s.w.c.RestTemplate - Accept=[application/json, application/*+json]
2025-08-25 16:42:07 DEBUG o.s.w.c.RestTemplate - Response 200 OK
2025-08-25 16:42:07 DEBUG o.s.w.c.RestTemplate - Response 200 OK
2025-08-25 16:42:07 DEBUG o.s.w.c.RestTemplate - Reading to [org.springframework.cloud.netflix.eureka.http.EurekaApplications]
2025-08-25 16:42:37 DEBUG o.s.w.c.RestTemplate - HTTP GET http://localhost:8761/eureka/apps/delta
2025-08-25 16:42:37 DEBUG o.s.w.c.RestTemplate - HTTP PUT http://localhost:8761/eureka/apps/ORDER-SERVICE/DESKTOP-LF2D8H7:ORDER-SERVICE:8889?status=UP&lastDirtyTimestamp=1756120147172
2025-08-25 16:42:37 DEBUG o.s.w.c.RestTemplate - Accept=[application/json, application/*+json]
2025-08-25 16:42:37 DEBUG o.s.w.c.RestTemplate - Accept=[application/json, application/*+json]
2025-08-25 16:42:37 DEBUG o.s.w.c.RestTemplate - Response 200 OK
2025-08-25 16:42:37 DEBUG o.s.w.c.RestTemplate - Response 200 OK
2025-08-25 16:42:37 DEBUG o.s.w.c.RestTemplate - Reading to [org.springframework.cloud.netflix.eureka.http.EurekaApplications]
2025-08-25 16:43:07 DEBUG o.s.w.c.RestTemplate - HTTP GET http://localhost:8761/eureka/apps/delta
2025-08-25 16:43:07 DEBUG o.s.w.c.RestTemplate - HTTP PUT http://localhost:8761/eureka/apps/ORDER-SERVICE/DESKTOP-LF2D8H7:ORDER-SERVICE:8889?status=UP&lastDirtyTimestamp=1756120147172
2025-08-25 16:43:07 DEBUG o.s.w.c.RestTemplate - Accept=[application/json, application/*+json]
2025-08-25 16:43:07 DEBUG o.s.w.c.RestTemplate - Accept=[application/json, application/*+json]
2025-08-25 16:43:07 DEBUG o.s.w.c.RestTemplate - Response 200 OK
2025-08-25 16:43:07 DEBUG o.s.w.c.RestTemplate - Response 200 OK
2025-08-25 16:43:07 DEBUG o.s.w.c.RestTemplate - Reading to [org.springframework.cloud.netflix.eureka.http.EurekaApplications]
2025-08-25 16:43:37 DEBUG o.s.w.c.RestTemplate - HTTP GET http://localhost:8761/eureka/apps/delta
2025-08-25 16:43:37 DEBUG o.s.w.c.RestTemplate - HTTP PUT http://localhost:8761/eureka/apps/ORDER-SERVICE/DESKTOP-LF2D8H7:ORDER-SERVICE:8889?status=UP&lastDirtyTimestamp=1756120147172
2025-08-25 16:43:37 DEBUG o.s.w.c.RestTemplate - Accept=[application/json, application/*+json]
2025-08-25 16:43:37 DEBUG o.s.w.c.RestTemplate - Accept=[application/json, application/*+json]
2025-08-25 16:43:37 DEBUG o.s.w.c.RestTemplate - Response 200 OK
2025-08-25 16:43:37 DEBUG o.s.w.c.RestTemplate - Response 200 OK
2025-08-25 16:43:37 DEBUG o.s.w.c.RestTemplate - Reading to [org.springframework.cloud.netflix.eureka.http.EurekaApplications]
2025-08-25 16:44:06 INFO  c.n.d.s.r.a.ConfigClusterResolver - Resolving eureka endpoints via configuration
2025-08-25 16:44:07 DEBUG o.s.w.c.RestTemplate - HTTP PUT http://localhost:8761/eureka/apps/ORDER-SERVICE/DESKTOP-LF2D8H7:ORDER-SERVICE:8889?status=UP&lastDirtyTimestamp=1756120147172
2025-08-25 16:44:07 DEBUG o.s.w.c.RestTemplate - HTTP GET http://localhost:8761/eureka/apps/delta
2025-08-25 16:44:07 DEBUG o.s.w.c.RestTemplate - Accept=[application/json, application/*+json]
2025-08-25 16:44:07 DEBUG o.s.w.c.RestTemplate - Accept=[application/json, application/*+json]
2025-08-25 16:44:07 DEBUG o.s.w.c.RestTemplate - Response 200 OK
2025-08-25 16:44:07 DEBUG o.s.w.c.RestTemplate - Response 200 OK
2025-08-25 16:44:07 DEBUG o.s.w.c.RestTemplate - Reading to [org.springframework.cloud.netflix.eureka.http.EurekaApplications]
2025-08-25 16:44:37 DEBUG o.s.w.c.RestTemplate - HTTP PUT http://localhost:8761/eureka/apps/ORDER-SERVICE/DESKTOP-LF2D8H7:ORDER-SERVICE:8889?status=UP&lastDirtyTimestamp=1756120147172
2025-08-25 16:44:37 DEBUG o.s.w.c.RestTemplate - HTTP GET http://localhost:8761/eureka/apps/delta
2025-08-25 16:44:37 DEBUG o.s.w.c.RestTemplate - Accept=[application/json, application/*+json]
2025-08-25 16:44:37 DEBUG o.s.w.c.RestTemplate - Accept=[application/json, application/*+json]
2025-08-25 16:44:37 DEBUG o.s.w.c.RestTemplate - Response 200 OK
2025-08-25 16:44:37 DEBUG o.s.w.c.RestTemplate - Response 200 OK
2025-08-25 16:44:37 DEBUG o.s.w.c.RestTemplate - Reading to [org.springframework.cloud.netflix.eureka.http.EurekaApplications]
2025-08-25 16:45:07 DEBUG o.s.w.c.RestTemplate - HTTP GET http://localhost:8761/eureka/apps/delta
2025-08-25 16:45:07 DEBUG o.s.w.c.RestTemplate - HTTP PUT http://localhost:8761/eureka/apps/ORDER-SERVICE/DESKTOP-LF2D8H7:ORDER-SERVICE:8889?status=UP&lastDirtyTimestamp=1756120147172
2025-08-25 16:45:07 DEBUG o.s.w.c.RestTemplate - Accept=[application/json, application/*+json]
2025-08-25 16:45:07 DEBUG o.s.w.c.RestTemplate - Accept=[application/json, application/*+json]
2025-08-25 16:45:07 DEBUG o.s.w.c.RestTemplate - Response 200 OK
2025-08-25 16:45:07 DEBUG o.s.w.c.RestTemplate - Response 200 OK
2025-08-25 16:45:07 DEBUG o.s.w.c.RestTemplate - Reading to [org.springframework.cloud.netflix.eureka.http.EurekaApplications]
2025-08-25 16:45:37 DEBUG o.s.w.c.RestTemplate - HTTP GET http://localhost:8761/eureka/apps/delta
2025-08-25 16:45:37 DEBUG o.s.w.c.RestTemplate - HTTP PUT http://localhost:8761/eureka/apps/ORDER-SERVICE/DESKTOP-LF2D8H7:ORDER-SERVICE:8889?status=UP&lastDirtyTimestamp=1756120147172
2025-08-25 16:45:37 DEBUG o.s.w.c.RestTemplate - Accept=[application/json, application/*+json]
2025-08-25 16:45:37 DEBUG o.s.w.c.RestTemplate - Accept=[application/json, application/*+json]
2025-08-25 16:45:37 DEBUG o.s.w.c.RestTemplate - Response 200 OK
2025-08-25 16:45:37 DEBUG o.s.w.c.RestTemplate - Response 200 OK
2025-08-25 16:45:37 DEBUG o.s.w.c.RestTemplate - Reading to [org.springframework.cloud.netflix.eureka.http.EurekaApplications]
2025-08-25 16:46:07 DEBUG o.s.w.c.RestTemplate - HTTP GET http://localhost:8761/eureka/apps/delta
2025-08-25 16:46:07 DEBUG o.s.w.c.RestTemplate - HTTP PUT http://localhost:8761/eureka/apps/ORDER-SERVICE/DESKTOP-LF2D8H7:ORDER-SERVICE:8889?status=UP&lastDirtyTimestamp=1756120147172
2025-08-25 16:46:07 DEBUG o.s.w.c.RestTemplate - Accept=[application/json, application/*+json]
2025-08-25 16:46:07 DEBUG o.s.w.c.RestTemplate - Accept=[application/json, application/*+json]
2025-08-25 16:46:07 DEBUG o.s.w.c.RestTemplate - Response 200 OK
2025-08-25 16:46:07 DEBUG o.s.w.c.RestTemplate - Response 200 OK
2025-08-25 16:46:07 DEBUG o.s.w.c.RestTemplate - Reading to [org.springframework.cloud.netflix.eureka.http.EurekaApplications]
2025-08-25 16:46:37 DEBUG o.s.w.c.RestTemplate - HTTP PUT http://localhost:8761/eureka/apps/ORDER-SERVICE/DESKTOP-LF2D8H7:ORDER-SERVICE:8889?status=UP&lastDirtyTimestamp=1756120147172
2025-08-25 16:46:37 DEBUG o.s.w.c.RestTemplate - Accept=[application/json, application/*+json]
2025-08-25 16:46:37 DEBUG o.s.w.c.RestTemplate - HTTP GET http://localhost:8761/eureka/apps/delta
2025-08-25 16:46:37 DEBUG o.s.w.c.RestTemplate - Accept=[application/json, application/*+json]
2025-08-25 16:46:37 DEBUG o.s.w.c.RestTemplate - Response 200 OK
2025-08-25 16:46:37 DEBUG o.s.w.c.RestTemplate - Response 200 OK
2025-08-25 16:46:37 DEBUG o.s.w.c.RestTemplate - Reading to [org.springframework.cloud.netflix.eureka.http.EurekaApplications]
2025-08-25 16:47:07 DEBUG o.s.w.c.RestTemplate - HTTP PUT http://localhost:8761/eureka/apps/ORDER-SERVICE/DESKTOP-LF2D8H7:ORDER-SERVICE:8889?status=UP&lastDirtyTimestamp=1756120147172
2025-08-25 16:47:07 DEBUG o.s.w.c.RestTemplate - Accept=[application/json, application/*+json]
2025-08-25 16:47:07 DEBUG o.s.w.c.RestTemplate - HTTP GET http://localhost:8761/eureka/apps/delta
2025-08-25 16:47:07 DEBUG o.s.w.c.RestTemplate - Accept=[application/json, application/*+json]
2025-08-25 16:47:07 DEBUG o.s.w.c.RestTemplate - Response 200 OK
2025-08-25 16:47:07 DEBUG o.s.w.c.RestTemplate - Response 200 OK
2025-08-25 16:47:07 DEBUG o.s.w.c.RestTemplate - Reading to [org.springframework.cloud.netflix.eureka.http.EurekaApplications]
2025-08-25 16:47:37 DEBUG o.s.w.c.RestTemplate - HTTP PUT http://localhost:8761/eureka/apps/ORDER-SERVICE/DESKTOP-LF2D8H7:ORDER-SERVICE:8889?status=UP&lastDirtyTimestamp=1756120147172
2025-08-25 16:47:37 DEBUG o.s.w.c.RestTemplate - Accept=[application/json, application/*+json]
2025-08-25 16:47:37 DEBUG o.s.w.c.RestTemplate - HTTP GET http://localhost:8761/eureka/apps/delta
2025-08-25 16:47:37 DEBUG o.s.w.c.RestTemplate - Accept=[application/json, application/*+json]
2025-08-25 16:47:37 DEBUG o.s.w.c.RestTemplate - Response 200 OK
2025-08-25 16:47:37 DEBUG o.s.w.c.RestTemplate - Response 200 OK
2025-08-25 16:47:37 DEBUG o.s.w.c.RestTemplate - Reading to [org.springframework.cloud.netflix.eureka.http.EurekaApplications]
2025-08-25 16:48:07 DEBUG o.s.w.c.RestTemplate - HTTP PUT http://localhost:8761/eureka/apps/ORDER-SERVICE/DESKTOP-LF2D8H7:ORDER-SERVICE:8889?status=UP&lastDirtyTimestamp=1756120147172
2025-08-25 16:48:07 DEBUG o.s.w.c.RestTemplate - Accept=[application/json, application/*+json]
2025-08-25 16:48:07 DEBUG o.s.w.c.RestTemplate - Response 200 OK
2025-08-25 16:48:07 DEBUG o.s.w.c.RestTemplate - HTTP GET http://localhost:8761/eureka/apps/delta
2025-08-25 16:48:07 DEBUG o.s.w.c.RestTemplate - Accept=[application/json, application/*+json]
2025-08-25 16:48:07 DEBUG o.s.w.c.RestTemplate - Response 200 OK
2025-08-25 16:48:07 DEBUG o.s.w.c.RestTemplate - Reading to [org.springframework.cloud.netflix.eureka.http.EurekaApplications]
2025-08-25 16:48:37 DEBUG o.s.w.c.RestTemplate - HTTP PUT http://localhost:8761/eureka/apps/ORDER-SERVICE/DESKTOP-LF2D8H7:ORDER-SERVICE:8889?status=UP&lastDirtyTimestamp=1756120147172
2025-08-25 16:48:37 DEBUG o.s.w.c.RestTemplate - Accept=[application/json, application/*+json]
2025-08-25 16:48:37 DEBUG o.s.w.c.RestTemplate - Response 200 OK
2025-08-25 16:48:37 DEBUG o.s.w.c.RestTemplate - HTTP GET http://localhost:8761/eureka/apps/delta
2025-08-25 16:48:37 DEBUG o.s.w.c.RestTemplate - Accept=[application/json, application/*+json]
2025-08-25 16:48:37 DEBUG o.s.w.c.RestTemplate - Response 200 OK
2025-08-25 16:48:37 DEBUG o.s.w.c.RestTemplate - Reading to [org.springframework.cloud.netflix.eureka.http.EurekaApplications]
2025-08-25 16:49:06 INFO  c.n.d.s.r.a.ConfigClusterResolver - Resolving eureka endpoints via configuration
2025-08-25 16:49:07 DEBUG o.s.w.c.RestTemplate - HTTP PUT http://localhost:8761/eureka/apps/ORDER-SERVICE/DESKTOP-LF2D8H7:ORDER-SERVICE:8889?status=UP&lastDirtyTimestamp=1756120147172
2025-08-25 16:49:07 DEBUG o.s.w.c.RestTemplate - Accept=[application/json, application/*+json]
2025-08-25 16:49:07 DEBUG o.s.w.c.RestTemplate - Response 200 OK
2025-08-25 16:49:07 DEBUG o.s.w.c.RestTemplate - HTTP GET http://localhost:8761/eureka/apps/delta
2025-08-25 16:49:07 DEBUG o.s.w.c.RestTemplate - Accept=[application/json, application/*+json]
2025-08-25 16:49:07 DEBUG o.s.w.c.RestTemplate - Response 200 OK
2025-08-25 16:49:07 DEBUG o.s.w.c.RestTemplate - Reading to [org.springframework.cloud.netflix.eureka.http.EurekaApplications]
2025-08-25 16:49:37 DEBUG o.s.w.c.RestTemplate - HTTP PUT http://localhost:8761/eureka/apps/ORDER-SERVICE/DESKTOP-LF2D8H7:ORDER-SERVICE:8889?status=UP&lastDirtyTimestamp=1756120147172
2025-08-25 16:49:37 DEBUG o.s.w.c.RestTemplate - Accept=[application/json, application/*+json]
2025-08-25 16:49:37 DEBUG o.s.w.c.RestTemplate - HTTP GET http://localhost:8761/eureka/apps/delta
2025-08-25 16:49:37 DEBUG o.s.w.c.RestTemplate - Accept=[application/json, application/*+json]
2025-08-25 16:49:37 DEBUG o.s.w.c.RestTemplate - Response 200 OK
2025-08-25 16:49:37 DEBUG o.s.w.c.RestTemplate - Response 200 OK
2025-08-25 16:49:37 DEBUG o.s.w.c.RestTemplate - Reading to [org.springframework.cloud.netflix.eureka.http.EurekaApplications]
2025-08-25 16:50:07 DEBUG o.s.w.c.RestTemplate - HTTP GET http://localhost:8761/eureka/apps/delta
2025-08-25 16:50:07 DEBUG o.s.w.c.RestTemplate - HTTP PUT http://localhost:8761/eureka/apps/ORDER-SERVICE/DESKTOP-LF2D8H7:ORDER-SERVICE:8889?status=UP&lastDirtyTimestamp=1756120147172
2025-08-25 16:50:07 DEBUG o.s.w.c.RestTemplate - Accept=[application/json, application/*+json]
2025-08-25 16:50:07 DEBUG o.s.w.c.RestTemplate - Accept=[application/json, application/*+json]
2025-08-25 16:50:07 DEBUG o.s.w.c.RestTemplate - Response 200 OK
2025-08-25 16:50:07 DEBUG o.s.w.c.RestTemplate - Response 200 OK
2025-08-25 16:50:07 DEBUG o.s.w.c.RestTemplate - Reading to [org.springframework.cloud.netflix.eureka.http.EurekaApplications]
2025-08-25 16:50:37 DEBUG o.s.w.c.RestTemplate - HTTP GET http://localhost:8761/eureka/apps/delta
2025-08-25 16:50:37 DEBUG o.s.w.c.RestTemplate - HTTP PUT http://localhost:8761/eureka/apps/ORDER-SERVICE/DESKTOP-LF2D8H7:ORDER-SERVICE:8889?status=UP&lastDirtyTimestamp=1756120147172
2025-08-25 16:50:37 DEBUG o.s.w.c.RestTemplate - Accept=[application/json, application/*+json]
2025-08-25 16:50:37 DEBUG o.s.w.c.RestTemplate - Accept=[application/json, application/*+json]
2025-08-25 16:50:37 DEBUG o.s.w.c.RestTemplate - Response 200 OK
2025-08-25 16:50:37 DEBUG o.s.w.c.RestTemplate - Response 200 OK
2025-08-25 16:50:37 DEBUG o.s.w.c.RestTemplate - Reading to [org.springframework.cloud.netflix.eureka.http.EurekaApplications]
2025-08-25 16:51:07 DEBUG o.s.w.c.RestTemplate - HTTP GET http://localhost:8761/eureka/apps/delta
2025-08-25 16:51:07 DEBUG o.s.w.c.RestTemplate - HTTP PUT http://localhost:8761/eureka/apps/ORDER-SERVICE/DESKTOP-LF2D8H7:ORDER-SERVICE:8889?status=UP&lastDirtyTimestamp=1756120147172
2025-08-25 16:51:07 DEBUG o.s.w.c.RestTemplate - Accept=[application/json, application/*+json]
2025-08-25 16:51:07 DEBUG o.s.w.c.RestTemplate - Accept=[application/json, application/*+json]
2025-08-25 16:51:07 DEBUG o.s.w.c.RestTemplate - Response 200 OK
2025-08-25 16:51:07 DEBUG o.s.w.c.RestTemplate - Response 200 OK
2025-08-25 16:51:07 DEBUG o.s.w.c.RestTemplate - Reading to [org.springframework.cloud.netflix.eureka.http.EurekaApplications]
2025-08-25 16:51:37 DEBUG o.s.w.c.RestTemplate - HTTP GET http://localhost:8761/eureka/apps/delta
2025-08-25 16:51:37 DEBUG o.s.w.c.RestTemplate - HTTP PUT http://localhost:8761/eureka/apps/ORDER-SERVICE/DESKTOP-LF2D8H7:ORDER-SERVICE:8889?status=UP&lastDirtyTimestamp=1756120147172
2025-08-25 16:51:37 DEBUG o.s.w.c.RestTemplate - Accept=[application/json, application/*+json]
2025-08-25 16:51:37 DEBUG o.s.w.c.RestTemplate - Accept=[application/json, application/*+json]
2025-08-25 16:51:37 DEBUG o.s.w.c.RestTemplate - Response 200 OK
2025-08-25 16:51:37 DEBUG o.s.w.c.RestTemplate - Response 200 OK
2025-08-25 16:51:37 DEBUG o.s.w.c.RestTemplate - Reading to [org.springframework.cloud.netflix.eureka.http.EurekaApplications]
2025-08-25 16:52:07 DEBUG o.s.w.c.RestTemplate - HTTP GET http://localhost:8761/eureka/apps/delta
2025-08-25 16:52:07 DEBUG o.s.w.c.RestTemplate - HTTP PUT http://localhost:8761/eureka/apps/ORDER-SERVICE/DESKTOP-LF2D8H7:ORDER-SERVICE:8889?status=UP&lastDirtyTimestamp=1756120147172
2025-08-25 16:52:07 DEBUG o.s.w.c.RestTemplate - Accept=[application/json, application/*+json]
2025-08-25 16:52:07 DEBUG o.s.w.c.RestTemplate - Accept=[application/json, application/*+json]
2025-08-25 16:52:07 DEBUG o.s.w.c.RestTemplate - Response 200 OK
2025-08-25 16:52:07 DEBUG o.s.w.c.RestTemplate - Response 200 OK
2025-08-25 16:52:07 DEBUG o.s.w.c.RestTemplate - Reading to [org.springframework.cloud.netflix.eureka.http.EurekaApplications]
2025-08-25 16:52:37 DEBUG o.s.w.c.RestTemplate - HTTP PUT http://localhost:8761/eureka/apps/ORDER-SERVICE/DESKTOP-LF2D8H7:ORDER-SERVICE:8889?status=UP&lastDirtyTimestamp=1756120147172
2025-08-25 16:52:37 DEBUG o.s.w.c.RestTemplate - Accept=[application/json, application/*+json]
2025-08-25 16:52:37 DEBUG o.s.w.c.RestTemplate - Response 200 OK
2025-08-25 16:52:37 DEBUG o.s.w.c.RestTemplate - HTTP GET http://localhost:8761/eureka/apps/delta
2025-08-25 16:52:37 DEBUG o.s.w.c.RestTemplate - Accept=[application/json, application/*+json]
2025-08-25 16:52:38 DEBUG o.s.w.c.RestTemplate - Response 200 OK
2025-08-25 16:52:38 DEBUG o.s.w.c.RestTemplate - Reading to [org.springframework.cloud.netflix.eureka.http.EurekaApplications]
2025-08-25 16:53:08 DEBUG o.s.w.c.RestTemplate - HTTP PUT http://localhost:8761/eureka/apps/ORDER-SERVICE/DESKTOP-LF2D8H7:ORDER-SERVICE:8889?status=UP&lastDirtyTimestamp=1756120147172
2025-08-25 16:53:08 DEBUG o.s.w.c.RestTemplate - Accept=[application/json, application/*+json]
2025-08-25 16:53:08 DEBUG o.s.w.c.RestTemplate - HTTP GET http://localhost:8761/eureka/apps/delta
2025-08-25 16:53:08 DEBUG o.s.w.c.RestTemplate - Accept=[application/json, application/*+json]
2025-08-25 16:53:08 DEBUG o.s.w.c.RestTemplate - Response 200 OK
2025-08-25 16:53:08 DEBUG o.s.w.c.RestTemplate - Response 200 OK
2025-08-25 16:53:08 DEBUG o.s.w.c.RestTemplate - Reading to [org.springframework.cloud.netflix.eureka.http.EurekaApplications]
2025-08-25 16:53:38 DEBUG o.s.w.c.RestTemplate - HTTP PUT http://localhost:8761/eureka/apps/ORDER-SERVICE/DESKTOP-LF2D8H7:ORDER-SERVICE:8889?status=UP&lastDirtyTimestamp=1756120147172
2025-08-25 16:53:38 DEBUG o.s.w.c.RestTemplate - Accept=[application/json, application/*+json]
2025-08-25 16:53:38 DEBUG o.s.w.c.RestTemplate - HTTP GET http://localhost:8761/eureka/apps/delta
2025-08-25 16:53:38 DEBUG o.s.w.c.RestTemplate - Accept=[application/json, application/*+json]
2025-08-25 16:53:38 DEBUG o.s.w.c.RestTemplate - Response 200 OK
2025-08-25 16:53:38 DEBUG o.s.w.c.RestTemplate - Response 200 OK
2025-08-25 16:53:38 DEBUG o.s.w.c.RestTemplate - Reading to [org.springframework.cloud.netflix.eureka.http.EurekaApplications]
2025-08-25 16:54:06 INFO  c.n.d.s.r.a.ConfigClusterResolver - Resolving eureka endpoints via configuration
2025-08-25 16:54:08 DEBUG o.s.w.c.RestTemplate - HTTP PUT http://localhost:8761/eureka/apps/ORDER-SERVICE/DESKTOP-LF2D8H7:ORDER-SERVICE:8889?status=UP&lastDirtyTimestamp=1756120147172
2025-08-25 16:54:08 DEBUG o.s.w.c.RestTemplate - Accept=[application/json, application/*+json]
2025-08-25 16:54:08 DEBUG o.s.w.c.RestTemplate - Response 200 OK
2025-08-25 16:54:08 DEBUG o.s.w.c.RestTemplate - HTTP GET http://localhost:8761/eureka/apps/delta
2025-08-25 16:54:08 DEBUG o.s.w.c.RestTemplate - Accept=[application/json, application/*+json]
2025-08-25 16:54:08 DEBUG o.s.w.c.RestTemplate - Response 200 OK
2025-08-25 16:54:08 DEBUG o.s.w.c.RestTemplate - Reading to [org.springframework.cloud.netflix.eureka.http.EurekaApplications]
2025-08-25 16:54:38 DEBUG o.s.w.c.RestTemplate - HTTP PUT http://localhost:8761/eureka/apps/ORDER-SERVICE/DESKTOP-LF2D8H7:ORDER-SERVICE:8889?status=UP&lastDirtyTimestamp=1756120147172
2025-08-25 16:54:38 DEBUG o.s.w.c.RestTemplate - Accept=[application/json, application/*+json]
2025-08-25 16:54:38 DEBUG o.s.w.c.RestTemplate - HTTP GET http://localhost:8761/eureka/apps/delta
2025-08-25 16:54:38 DEBUG o.s.w.c.RestTemplate - Accept=[application/json, application/*+json]
2025-08-25 16:54:38 DEBUG o.s.w.c.RestTemplate - Response 200 OK
2025-08-25 16:54:38 DEBUG o.s.w.c.RestTemplate - Response 200 OK
2025-08-25 16:54:38 DEBUG o.s.w.c.RestTemplate - Reading to [org.springframework.cloud.netflix.eureka.http.EurekaApplications]
2025-08-25 16:55:08 DEBUG o.s.w.c.RestTemplate - HTTP PUT http://localhost:8761/eureka/apps/ORDER-SERVICE/DESKTOP-LF2D8H7:ORDER-SERVICE:8889?status=UP&lastDirtyTimestamp=1756120147172
2025-08-25 16:55:08 DEBUG o.s.w.c.RestTemplate - Accept=[application/json, application/*+json]
2025-08-25 16:55:08 DEBUG o.s.w.c.RestTemplate - HTTP GET http://localhost:8761/eureka/apps/delta
2025-08-25 16:55:08 DEBUG o.s.w.c.RestTemplate - Accept=[application/json, application/*+json]
2025-08-25 16:55:08 DEBUG o.s.w.c.RestTemplate - Response 200 OK
2025-08-25 16:55:08 DEBUG o.s.w.c.RestTemplate - Response 200 OK
2025-08-25 16:55:08 DEBUG o.s.w.c.RestTemplate - Reading to [org.springframework.cloud.netflix.eureka.http.EurekaApplications]
2025-08-25 16:55:38 DEBUG o.s.w.c.RestTemplate - HTTP PUT http://localhost:8761/eureka/apps/ORDER-SERVICE/DESKTOP-LF2D8H7:ORDER-SERVICE:8889?status=UP&lastDirtyTimestamp=1756120147172
2025-08-25 16:55:38 DEBUG o.s.w.c.RestTemplate - Accept=[application/json, application/*+json]
2025-08-25 16:55:38 DEBUG o.s.w.c.RestTemplate - HTTP GET http://localhost:8761/eureka/apps/delta
2025-08-25 16:55:38 DEBUG o.s.w.c.RestTemplate - Accept=[application/json, application/*+json]
2025-08-25 16:55:38 DEBUG o.s.w.c.RestTemplate - Response 200 OK
2025-08-25 16:55:38 DEBUG o.s.w.c.RestTemplate - Response 200 OK
2025-08-25 16:55:38 DEBUG o.s.w.c.RestTemplate - Reading to [org.springframework.cloud.netflix.eureka.http.EurekaApplications]
2025-08-25 16:56:08 DEBUG o.s.w.c.RestTemplate - HTTP PUT http://localhost:8761/eureka/apps/ORDER-SERVICE/DESKTOP-LF2D8H7:ORDER-SERVICE:8889?status=UP&lastDirtyTimestamp=1756120147172
2025-08-25 16:56:08 DEBUG o.s.w.c.RestTemplate - Accept=[application/json, application/*+json]
2025-08-25 16:56:08 DEBUG o.s.w.c.RestTemplate - HTTP GET http://localhost:8761/eureka/apps/delta
2025-08-25 16:56:08 DEBUG o.s.w.c.RestTemplate - Accept=[application/json, application/*+json]
2025-08-25 16:56:08 DEBUG o.s.w.c.RestTemplate - Response 200 OK
2025-08-25 16:56:08 DEBUG o.s.w.c.RestTemplate - Response 200 OK
2025-08-25 16:56:08 DEBUG o.s.w.c.RestTemplate - Reading to [org.springframework.cloud.netflix.eureka.http.EurekaApplications]
2025-08-25 16:56:38 DEBUG o.s.w.c.RestTemplate - HTTP PUT http://localhost:8761/eureka/apps/ORDER-SERVICE/DESKTOP-LF2D8H7:ORDER-SERVICE:8889?status=UP&lastDirtyTimestamp=1756120147172
2025-08-25 16:56:38 DEBUG o.s.w.c.RestTemplate - Accept=[application/json, application/*+json]
2025-08-25 16:56:38 DEBUG o.s.w.c.RestTemplate - HTTP GET http://localhost:8761/eureka/apps/delta
2025-08-25 16:56:38 DEBUG o.s.w.c.RestTemplate - Accept=[application/json, application/*+json]
2025-08-25 16:56:38 DEBUG o.s.w.c.RestTemplate - Response 200 OK
2025-08-25 16:56:38 DEBUG o.s.w.c.RestTemplate - Response 200 OK
2025-08-25 16:56:38 DEBUG o.s.w.c.RestTemplate - Reading to [org.springframework.cloud.netflix.eureka.http.EurekaApplications]
2025-08-25 16:57:08 DEBUG o.s.w.c.RestTemplate - HTTP PUT http://localhost:8761/eureka/apps/ORDER-SERVICE/DESKTOP-LF2D8H7:ORDER-SERVICE:8889?status=UP&lastDirtyTimestamp=1756120147172
2025-08-25 16:57:08 DEBUG o.s.w.c.RestTemplate - Accept=[application/json, application/*+json]
2025-08-25 16:57:08 DEBUG o.s.w.c.RestTemplate - HTTP GET http://localhost:8761/eureka/apps/delta
2025-08-25 16:57:08 DEBUG o.s.w.c.RestTemplate - Accept=[application/json, application/*+json]
2025-08-25 16:57:08 DEBUG o.s.w.c.RestTemplate - Response 200 OK
2025-08-25 16:57:08 DEBUG o.s.w.c.RestTemplate - Response 200 OK
2025-08-25 16:57:08 DEBUG o.s.w.c.RestTemplate - Reading to [org.springframework.cloud.netflix.eureka.http.EurekaApplications]
2025-08-25 16:57:38 DEBUG o.s.w.c.RestTemplate - HTTP PUT http://localhost:8761/eureka/apps/ORDER-SERVICE/DESKTOP-LF2D8H7:ORDER-SERVICE:8889?status=UP&lastDirtyTimestamp=1756120147172
2025-08-25 16:57:38 DEBUG o.s.w.c.RestTemplate - Accept=[application/json, application/*+json]
2025-08-25 16:57:38 DEBUG o.s.w.c.RestTemplate - HTTP GET http://localhost:8761/eureka/apps/delta
2025-08-25 16:57:38 DEBUG o.s.w.c.RestTemplate - Accept=[application/json, application/*+json]
2025-08-25 16:57:38 DEBUG o.s.w.c.RestTemplate - Response 200 OK
2025-08-25 16:57:38 DEBUG o.s.w.c.RestTemplate - Response 200 OK
2025-08-25 16:57:38 DEBUG o.s.w.c.RestTemplate - Reading to [org.springframework.cloud.netflix.eureka.http.EurekaApplications]
2025-08-25 16:58:08 DEBUG o.s.w.c.RestTemplate - HTTP PUT http://localhost:8761/eureka/apps/ORDER-SERVICE/DESKTOP-LF2D8H7:ORDER-SERVICE:8889?status=UP&lastDirtyTimestamp=1756120147172
2025-08-25 16:58:08 DEBUG o.s.w.c.RestTemplate - Accept=[application/json, application/*+json]
2025-08-25 16:58:08 DEBUG o.s.w.c.RestTemplate - HTTP GET http://localhost:8761/eureka/apps/delta
2025-08-25 16:58:08 DEBUG o.s.w.c.RestTemplate - Accept=[application/json, application/*+json]
2025-08-25 16:58:08 DEBUG o.s.w.c.RestTemplate - Response 200 OK
2025-08-25 16:58:08 DEBUG o.s.w.c.RestTemplate - Response 200 OK
2025-08-25 16:58:08 DEBUG o.s.w.c.RestTemplate - Reading to [org.springframework.cloud.netflix.eureka.http.EurekaApplications]
2025-08-25 16:58:38 DEBUG o.s.w.c.RestTemplate - HTTP PUT http://localhost:8761/eureka/apps/ORDER-SERVICE/DESKTOP-LF2D8H7:ORDER-SERVICE:8889?status=UP&lastDirtyTimestamp=1756120147172
2025-08-25 16:58:38 DEBUG o.s.w.c.RestTemplate - Accept=[application/json, application/*+json]
2025-08-25 16:58:38 DEBUG o.s.w.c.RestTemplate - HTTP GET http://localhost:8761/eureka/apps/delta
2025-08-25 16:58:38 DEBUG o.s.w.c.RestTemplate - Accept=[application/json, application/*+json]
2025-08-25 16:58:38 DEBUG o.s.w.c.RestTemplate - Response 200 OK
2025-08-25 16:58:38 DEBUG o.s.w.c.RestTemplate - Response 200 OK
2025-08-25 16:58:38 DEBUG o.s.w.c.RestTemplate - Reading to [org.springframework.cloud.netflix.eureka.http.EurekaApplications]
2025-08-25 16:59:06 INFO  c.n.d.s.r.a.ConfigClusterResolver - Resolving eureka endpoints via configuration
2025-08-25 16:59:08 DEBUG o.s.w.c.RestTemplate - HTTP GET http://localhost:8761/eureka/apps/delta
2025-08-25 16:59:08 DEBUG o.s.w.c.RestTemplate - HTTP PUT http://localhost:8761/eureka/apps/ORDER-SERVICE/DESKTOP-LF2D8H7:ORDER-SERVICE:8889?status=UP&lastDirtyTimestamp=1756120147172
2025-08-25 16:59:08 DEBUG o.s.w.c.RestTemplate - Accept=[application/json, application/*+json]
2025-08-25 16:59:08 DEBUG o.s.w.c.RestTemplate - Accept=[application/json, application/*+json]
2025-08-25 16:59:08 DEBUG o.s.w.c.RestTemplate - Response 200 OK
2025-08-25 16:59:08 DEBUG o.s.w.c.RestTemplate - Response 200 OK
2025-08-25 16:59:08 DEBUG o.s.w.c.RestTemplate - Reading to [org.springframework.cloud.netflix.eureka.http.EurekaApplications]
2025-08-25 16:59:38 DEBUG o.s.w.c.RestTemplate - HTTP GET http://localhost:8761/eureka/apps/delta
2025-08-25 16:59:38 DEBUG o.s.w.c.RestTemplate - HTTP PUT http://localhost:8761/eureka/apps/ORDER-SERVICE/DESKTOP-LF2D8H7:ORDER-SERVICE:8889?status=UP&lastDirtyTimestamp=1756120147172
2025-08-25 16:59:38 DEBUG o.s.w.c.RestTemplate - Accept=[application/json, application/*+json]
2025-08-25 16:59:38 DEBUG o.s.w.c.RestTemplate - Accept=[application/json, application/*+json]
2025-08-25 16:59:38 DEBUG o.s.w.c.RestTemplate - Response 200 OK
2025-08-25 16:59:38 DEBUG o.s.w.c.RestTemplate - Response 200 OK
2025-08-25 16:59:38 DEBUG o.s.w.c.RestTemplate - Reading to [org.springframework.cloud.netflix.eureka.http.EurekaApplications]
2025-08-25 17:00:08 DEBUG o.s.w.c.RestTemplate - HTTP GET http://localhost:8761/eureka/apps/delta
2025-08-25 17:00:08 DEBUG o.s.w.c.RestTemplate - HTTP PUT http://localhost:8761/eureka/apps/ORDER-SERVICE/DESKTOP-LF2D8H7:ORDER-SERVICE:8889?status=UP&lastDirtyTimestamp=1756120147172
2025-08-25 17:00:08 DEBUG o.s.w.c.RestTemplate - Accept=[application/json, application/*+json]
2025-08-25 17:00:08 DEBUG o.s.w.c.RestTemplate - Accept=[application/json, application/*+json]
2025-08-25 17:00:08 DEBUG o.s.w.c.RestTemplate - Response 200 OK
2025-08-25 17:00:08 DEBUG o.s.w.c.RestTemplate - Response 200 OK
2025-08-25 17:00:08 DEBUG o.s.w.c.RestTemplate - Reading to [org.springframework.cloud.netflix.eureka.http.EurekaApplications]
2025-08-25 17:00:30 INFO  o.s.c.n.e.s.EurekaServiceRegistry - Unregistering application ORDER-SERVICE with eureka with status DOWN
2025-08-25 17:00:30 INFO  c.n.d.DiscoveryClient - Saw local status change event StatusChangeEvent [timestamp=1756121430938, current=DOWN, previous=UP]
2025-08-25 17:00:30 INFO  c.n.d.DiscoveryClient - DiscoveryClient_ORDER-SERVICE/DESKTOP-LF2D8H7:ORDER-SERVICE:8889: registering service...
2025-08-25 17:00:30 DEBUG o.s.w.c.RestTemplate - HTTP POST http://localhost:8761/eureka/apps/ORDER-SERVICE
2025-08-25 17:00:30 DEBUG o.s.w.c.RestTemplate - Accept=[application/json, application/*+json]
2025-08-25 17:00:30 DEBUG o.s.w.c.RestTemplate - Writing [InstanceInfo [instanceId = DESKTOP-LF2D8H7:ORDER-SERVICE:8889, appName = ORDER-SERVICE, hostName = DESKTOP-LF2D8H7, status = DOWN, ipAddr = 192.168.14.30, port = 8889, securePort = 443, dataCenterInfo = com.netflix.appinfo.MyDataCenterInfo@70313b0b] as "application/json"
2025-08-25 17:00:30 INFO  o.s.b.w.e.t.GracefulShutdown - Commencing graceful shutdown. Waiting for active requests to complete
2025-08-25 17:00:30 DEBUG o.s.w.c.RestTemplate - Response 204 NO_CONTENT
2025-08-25 17:00:30 INFO  c.n.d.DiscoveryClient - DiscoveryClient_ORDER-SERVICE/DESKTOP-LF2D8H7:ORDER-SERVICE:8889 - registration status: 204
2025-08-25 17:00:31 INFO  o.s.b.w.e.t.GracefulShutdown - Graceful shutdown complete
2025-08-25 17:00:31 INFO  o.s.o.j.LocalContainerEntityManagerFactoryBean - Closing JPA EntityManagerFactory for persistence unit 'default'
2025-08-25 17:00:31 INFO  c.z.h.HikariDataSource - HikariPool-1 - Shutdown initiated...
2025-08-25 17:00:31 INFO  c.z.h.HikariDataSource - HikariPool-1 - Shutdown completed.
2025-08-25 17:00:31 INFO  c.n.d.DiscoveryClient - Shutting down DiscoveryClient ...
2025-08-25 17:00:34 INFO  c.n.d.DiscoveryClient - Unregistering ...
2025-08-25 17:00:34 DEBUG o.s.w.c.RestTemplate - HTTP DELETE http://localhost:8761/eureka/apps/ORDER-SERVICE/DESKTOP-LF2D8H7:ORDER-SERVICE:8889
2025-08-25 17:00:34 DEBUG o.s.w.c.RestTemplate - Accept=[application/json, application/*+json]
2025-08-25 17:00:34 DEBUG o.s.w.c.RestTemplate - Response 200 OK
2025-08-25 17:00:34 INFO  c.n.d.DiscoveryClient - DiscoveryClient_ORDER-SERVICE/DESKTOP-LF2D8H7:ORDER-SERVICE:8889 - deregister  status: 200
2025-08-25 17:00:34 INFO  c.n.d.DiscoveryClient - Completed shut down of DiscoveryClient
2025-08-25 17:01:34 ERROR o.s.b.SpringApplication - Application run failed
java.lang.IllegalStateException: java.lang.IllegalStateException: Logback configuration error detected: 
ERROR in ch.qos.logback.core.model.processor.ImplicitModelHandler - Could not create component [encoder] of type [net.logstash.logback.encoder.LoggingEventEncoder] java.lang.ClassNotFoundException: net.logstash.logback.encoder.LoggingEventEncoder
ERROR in ch.qos.logback.core.FileAppender[JSON_FILE] - No encoder set for the appender named "JSON_FILE".
	at org.springframework.boot.context.logging.LoggingApplicationListener.initializeSystem(LoggingApplicationListener.java:347)
	at org.springframework.boot.context.logging.LoggingApplicationListener.initialize(LoggingApplicationListener.java:298)
	at org.springframework.boot.context.logging.LoggingApplicationListener.onApplicationEnvironmentPreparedEvent(LoggingApplicationListener.java:246)
	at org.springframework.boot.context.logging.LoggingApplicationListener.onApplicationEvent(LoggingApplicationListener.java:223)
	at org.springframework.context.event.SimpleApplicationEventMulticaster.doInvokeListener(SimpleApplicationEventMulticaster.java:185)
	at org.springframework.context.event.SimpleApplicationEventMulticaster.invokeListener(SimpleApplicationEventMulticaster.java:178)
	at org.springframework.context.event.SimpleApplicationEventMulticaster.multicastEvent(SimpleApplicationEventMulticaster.java:156)
	at org.springframework.context.event.SimpleApplicationEventMulticaster.multicastEvent(SimpleApplicationEventMulticaster.java:138)
	at org.springframework.boot.context.event.EventPublishingRunListener.multicastInitialEvent(EventPublishingRunListener.java:136)
	at org.springframework.boot.context.event.EventPublishingRunListener.environmentPrepared(EventPublishingRunListener.java:81)
	at org.springframework.boot.SpringApplicationRunListeners.lambda$environmentPrepared$2(SpringApplicationRunListeners.java:64)
	at java.base/java.lang.Iterable.forEach(Iterable.java:75)
	at org.springframework.boot.SpringApplicationRunListeners.doWithListeners(SpringApplicationRunListeners.java:118)
	at org.springframework.boot.SpringApplicationRunListeners.doWithListeners(SpringApplicationRunListeners.java:112)
	at org.springframework.boot.SpringApplicationRunListeners.environmentPrepared(SpringApplicationRunListeners.java:63)
	at org.springframework.boot.SpringApplication.prepareEnvironment(SpringApplication.java:353)
	at org.springframework.boot.SpringApplication.run(SpringApplication.java:313)
	at org.springframework.boot.SpringApplication.run(SpringApplication.java:1361)
	at org.springframework.boot.SpringApplication.run(SpringApplication.java:1350)
	at com.shop.order_service.OrderServiceApplication.main(OrderServiceApplication.java:12)
Caused by: java.lang.IllegalStateException: Logback configuration error detected: 
ERROR in ch.qos.logback.core.model.processor.ImplicitModelHandler - Could not create component [encoder] of type [net.logstash.logback.encoder.LoggingEventEncoder] java.lang.ClassNotFoundException: net.logstash.logback.encoder.LoggingEventEncoder
ERROR in ch.qos.logback.core.FileAppender[JSON_FILE] - No encoder set for the appender named "JSON_FILE".
	at org.springframework.boot.logging.logback.LogbackLoggingSystem.reportConfigurationErrorsIfNecessary(LogbackLoggingSystem.java:289)
	at org.springframework.boot.logging.logback.LogbackLoggingSystem.loadConfiguration(LogbackLoggingSystem.java:267)
	at org.springframework.boot.logging.AbstractLoggingSystem.initializeWithConventions(AbstractLoggingSystem.java:81)
	at org.springframework.boot.logging.AbstractLoggingSystem.initialize(AbstractLoggingSystem.java:61)
	at org.springframework.boot.logging.logback.LogbackLoggingSystem.initialize(LogbackLoggingSystem.java:195)
	at org.springframework.boot.context.logging.LoggingApplicationListener.initializeSystem(LoggingApplicationListener.java:332)
	... 19 common frames omitted
	Suppressed: java.lang.ClassNotFoundException: net.logstash.logback.encoder.LoggingEventEncoder
		at java.base/jdk.internal.loader.BuiltinClassLoader.loadClass(BuiltinClassLoader.java:641)
		at java.base/jdk.internal.loader.ClassLoaders$AppClassLoader.loadClass(ClassLoaders.java:188)
		at java.base/java.lang.ClassLoader.loadClass(ClassLoader.java:525)
		at ch.qos.logback.core.util.Loader.loadClass(Loader.java:116)
		at ch.qos.logback.core.model.processor.ImplicitModelHandler.doComplex(ImplicitModelHandler.java:134)
		at ch.qos.logback.core.model.processor.ImplicitModelHandler.handle(ImplicitModelHandler.java:94)
		at ch.qos.logback.core.model.processor.DefaultProcessor.secondPhaseTraverse(DefaultProcessor.java:241)
		at ch.qos.logback.core.model.processor.DefaultProcessor.secondPhaseTraverse(DefaultProcessor.java:253)
		at ch.qos.logback.core.model.processor.DefaultProcessor.secondPhaseTraverse(DefaultProcessor.java:253)
		at ch.qos.logback.core.model.processor.DefaultProcessor.traversalLoop(DefaultProcessor.java:90)
		at ch.qos.logback.core.model.processor.DefaultProcessor.process(DefaultProcessor.java:106)
		at ch.qos.logback.core.joran.GenericXMLConfigurator.processModel(GenericXMLConfigurator.java:222)
		at org.springframework.boot.logging.logback.SpringBootJoranConfigurator.processModel(SpringBootJoranConfigurator.java:136)
		at ch.qos.logback.core.joran.GenericXMLConfigurator.doConfigure(GenericXMLConfigurator.java:178)
		at ch.qos.logback.core.joran.GenericXMLConfigurator.doConfigure(GenericXMLConfigurator.java:123)
		at ch.qos.logback.core.joran.GenericXMLConfigurator.doConfigure(GenericXMLConfigurator.java:66)
		at org.springframework.boot.logging.logback.LogbackLoggingSystem.configureByResourceUrl(LogbackLoggingSystem.java:298)
		at org.springframework.boot.logging.logback.LogbackLoggingSystem.lambda$loadConfiguration$2(LogbackLoggingSystem.java:260)
		at org.springframework.boot.logging.logback.LogbackLoggingSystem.withLoggingSuppressed(LogbackLoggingSystem.java:481)
		at org.springframework.boot.logging.logback.LogbackLoggingSystem.loadConfiguration(LogbackLoggingSystem.java:252)
		... 23 common frames omitted
2025-08-25 17:02:10 ERROR o.s.b.SpringApplication - Application run failed
java.lang.IllegalStateException: java.lang.IllegalStateException: Logback configuration error detected: 
ERROR in ch.qos.logback.core.model.processor.ImplicitModelHandler - Could not create component [encoder] of type [net.logstash.logback.encoder.LoggingEventEncoder] java.lang.ClassNotFoundException: net.logstash.logback.encoder.LoggingEventEncoder
ERROR in ch.qos.logback.core.FileAppender[JSON_FILE] - No encoder set for the appender named "JSON_FILE".
	at org.springframework.boot.context.logging.LoggingApplicationListener.initializeSystem(LoggingApplicationListener.java:347)
	at org.springframework.boot.context.logging.LoggingApplicationListener.initialize(LoggingApplicationListener.java:298)
	at org.springframework.boot.context.logging.LoggingApplicationListener.onApplicationEnvironmentPreparedEvent(LoggingApplicationListener.java:246)
	at org.springframework.boot.context.logging.LoggingApplicationListener.onApplicationEvent(LoggingApplicationListener.java:223)
	at org.springframework.context.event.SimpleApplicationEventMulticaster.doInvokeListener(SimpleApplicationEventMulticaster.java:185)
	at org.springframework.context.event.SimpleApplicationEventMulticaster.invokeListener(SimpleApplicationEventMulticaster.java:178)
	at org.springframework.context.event.SimpleApplicationEventMulticaster.multicastEvent(SimpleApplicationEventMulticaster.java:156)
	at org.springframework.context.event.SimpleApplicationEventMulticaster.multicastEvent(SimpleApplicationEventMulticaster.java:138)
	at org.springframework.boot.context.event.EventPublishingRunListener.multicastInitialEvent(EventPublishingRunListener.java:136)
	at org.springframework.boot.context.event.EventPublishingRunListener.environmentPrepared(EventPublishingRunListener.java:81)
	at org.springframework.boot.SpringApplicationRunListeners.lambda$environmentPrepared$2(SpringApplicationRunListeners.java:64)
	at java.base/java.lang.Iterable.forEach(Iterable.java:75)
	at org.springframework.boot.SpringApplicationRunListeners.doWithListeners(SpringApplicationRunListeners.java:118)
	at org.springframework.boot.SpringApplicationRunListeners.doWithListeners(SpringApplicationRunListeners.java:112)
	at org.springframework.boot.SpringApplicationRunListeners.environmentPrepared(SpringApplicationRunListeners.java:63)
	at org.springframework.boot.SpringApplication.prepareEnvironment(SpringApplication.java:353)
	at org.springframework.boot.SpringApplication.run(SpringApplication.java:313)
	at org.springframework.boot.SpringApplication.run(SpringApplication.java:1361)
	at org.springframework.boot.SpringApplication.run(SpringApplication.java:1350)
	at com.shop.order_service.OrderServiceApplication.main(OrderServiceApplication.java:12)
Caused by: java.lang.IllegalStateException: Logback configuration error detected: 
ERROR in ch.qos.logback.core.model.processor.ImplicitModelHandler - Could not create component [encoder] of type [net.logstash.logback.encoder.LoggingEventEncoder] java.lang.ClassNotFoundException: net.logstash.logback.encoder.LoggingEventEncoder
ERROR in ch.qos.logback.core.FileAppender[JSON_FILE] - No encoder set for the appender named "JSON_FILE".
	at org.springframework.boot.logging.logback.LogbackLoggingSystem.reportConfigurationErrorsIfNecessary(LogbackLoggingSystem.java:289)
	at org.springframework.boot.logging.logback.LogbackLoggingSystem.loadConfiguration(LogbackLoggingSystem.java:267)
	at org.springframework.boot.logging.AbstractLoggingSystem.initializeWithConventions(AbstractLoggingSystem.java:81)
	at org.springframework.boot.logging.AbstractLoggingSystem.initialize(AbstractLoggingSystem.java:61)
	at org.springframework.boot.logging.logback.LogbackLoggingSystem.initialize(LogbackLoggingSystem.java:195)
	at org.springframework.boot.context.logging.LoggingApplicationListener.initializeSystem(LoggingApplicationListener.java:332)
	... 19 common frames omitted
	Suppressed: java.lang.ClassNotFoundException: net.logstash.logback.encoder.LoggingEventEncoder
		at java.base/jdk.internal.loader.BuiltinClassLoader.loadClass(BuiltinClassLoader.java:641)
		at java.base/jdk.internal.loader.ClassLoaders$AppClassLoader.loadClass(ClassLoaders.java:188)
		at java.base/java.lang.ClassLoader.loadClass(ClassLoader.java:525)
		at ch.qos.logback.core.util.Loader.loadClass(Loader.java:116)
		at ch.qos.logback.core.model.processor.ImplicitModelHandler.doComplex(ImplicitModelHandler.java:134)
		at ch.qos.logback.core.model.processor.ImplicitModelHandler.handle(ImplicitModelHandler.java:94)
		at ch.qos.logback.core.model.processor.DefaultProcessor.secondPhaseTraverse(DefaultProcessor.java:241)
		at ch.qos.logback.core.model.processor.DefaultProcessor.secondPhaseTraverse(DefaultProcessor.java:253)
		at ch.qos.logback.core.model.processor.DefaultProcessor.secondPhaseTraverse(DefaultProcessor.java:253)
		at ch.qos.logback.core.model.processor.DefaultProcessor.traversalLoop(DefaultProcessor.java:90)
		at ch.qos.logback.core.model.processor.DefaultProcessor.process(DefaultProcessor.java:106)
		at ch.qos.logback.core.joran.GenericXMLConfigurator.processModel(GenericXMLConfigurator.java:222)
		at org.springframework.boot.logging.logback.SpringBootJoranConfigurator.processModel(SpringBootJoranConfigurator.java:136)
		at ch.qos.logback.core.joran.GenericXMLConfigurator.doConfigure(GenericXMLConfigurator.java:178)
		at ch.qos.logback.core.joran.GenericXMLConfigurator.doConfigure(GenericXMLConfigurator.java:123)
		at ch.qos.logback.core.joran.GenericXMLConfigurator.doConfigure(GenericXMLConfigurator.java:66)
		at org.springframework.boot.logging.logback.LogbackLoggingSystem.configureByResourceUrl(LogbackLoggingSystem.java:298)
		at org.springframework.boot.logging.logback.LogbackLoggingSystem.lambda$loadConfiguration$2(LogbackLoggingSystem.java:260)
		at org.springframework.boot.logging.logback.LogbackLoggingSystem.withLoggingSuppressed(LogbackLoggingSystem.java:481)
		at org.springframework.boot.logging.logback.LogbackLoggingSystem.loadConfiguration(LogbackLoggingSystem.java:252)
		... 23 common frames omitted
